{"/Users/yamaurakazuki/Work/ConnectJS/src/config.ts": {"path":"/Users/yamaurakazuki/Work/ConnectJS/src/config.ts","statementMap":{"0":{"start":{"line":1,"column":13},"end":{"line":1,"column":24}},"1":{"start":{"line":2,"column":13},"end":{"line":2,"column":32}},"2":{"start":{"line":3,"column":13},"end":{"line":3,"column":32}},"3":{"start":{"line":4,"column":13},"end":{"line":4,"column":33}},"4":{"start":{"line":5,"column":13},"end":{"line":5,"column":34}},"5":{"start":{"line":6,"column":13},"end":{"line":6,"column":31}},"6":{"start":{"line":7,"column":13},"end":{"line":7,"column":29}}},"fnMap":{},"branchMap":{},"s":{"0":2,"1":2,"2":2,"3":2,"4":2,"5":2,"6":2},"f":{},"b":{}}
,"/Users/yamaurakazuki/Work/ConnectJS/src/component/AddWindow.tsx": {"path":"/Users/yamaurakazuki/Work/ConnectJS/src/component/AddWindow.tsx","statementMap":{"0":{"start":{"line":1,"column":0},"end":{"line":1,"column":26}},"1":{"start":{"line":2,"column":0},"end":{"line":2,"column":60}},"2":{"start":{"line":12,"column":39},"end":{"line":47,"column":1}},"3":{"start":{"line":13,"column":24},"end":{"line":13,"column":26}},"4":{"start":{"line":14,"column":2},"end":{"line":19,"column":null}},"5":{"start":{"line":15,"column":4},"end":{"line":18,"column":null}},"6":{"start":{"line":21,"column":22},"end":{"line":31,"column":3}},"7":{"start":{"line":22,"column":4},"end":{"line":30,"column":null}},"8":{"start":{"line":23,"column":6},"end":{"line":29,"column":null}},"9":{"start":{"line":24,"column":8},"end":{"line":26,"column":null}},"10":{"start":{"line":25,"column":10},"end":{"line":25,"column":37}},"11":{"start":{"line":28,"column":8},"end":{"line":28,"column":43}},"12":{"start":{"line":33,"column":2},"end":{"line":46,"column":4}},"13":{"start":{"line":36,"column":19},"end":{"line":36,"column":38}},"14":{"start":{"line":37,"column":8},"end":{"line":42,"column":null}},"15":{"start":{"line":49,"column":0},"end":{"line":49,"column":29}}},"fnMap":{"0":{"name":"(anonymous_1)","decl":{"start":{"line":12,"column":39},"end":{"line":12,"column":40}},"loc":{"start":{"line":12,"column":56},"end":{"line":47,"column":1}}},"1":{"name":"(anonymous_2)","decl":{"start":{"line":21,"column":22},"end":{"line":21,"column":31}},"loc":{"start":{"line":21,"column":33},"end":{"line":31,"column":3}}},"2":{"name":"(anonymous_3)","decl":{"start":{"line":35,"column":18},"end":{"line":35,"column":19}},"loc":{"start":{"line":35,"column":45},"end":{"line":43,"column":7}}}},"branchMap":{"0":{"loc":{"start":{"line":23,"column":6},"end":{"line":29,"column":null}},"type":"if","locations":[{"start":{"line":23,"column":6},"end":{"line":29,"column":null}},{"start":{"line":23,"column":6},"end":{"line":29,"column":null}}]},"1":{"loc":{"start":{"line":24,"column":8},"end":{"line":26,"column":null}},"type":"if","locations":[{"start":{"line":24,"column":8},"end":{"line":26,"column":null}},{"start":{"line":24,"column":8},"end":{"line":26,"column":null}}]}},"s":{"0":1,"1":1,"2":1,"3":1,"4":1,"5":2,"6":1,"7":0,"8":0,"9":0,"10":0,"11":0,"12":1,"13":2,"14":2,"15":1},"f":{"0":1,"1":0,"2":2},"b":{"0":[0,0],"1":[0,0]}}
,"/Users/yamaurakazuki/Work/ConnectJS/src/component/Connection.tsx": {"path":"/Users/yamaurakazuki/Work/ConnectJS/src/component/Connection.tsx","statementMap":{"0":{"start":{"line":1,"column":0},"end":{"line":1,"column":81}},"1":{"start":{"line":3,"column":0},"end":{"line":3,"column":45}},"2":{"start":{"line":4,"column":0},"end":{"line":4,"column":44}},"3":{"start":{"line":19,"column":19},"end":{"line":46,"column":2}},"4":{"start":{"line":20,"column":14},"end":{"line":20,"column":42}},"5":{"start":{"line":21,"column":10},"end":{"line":21,"column":17}},"6":{"start":{"line":21,"column":23},"end":{"line":21,"column":30}},"7":{"start":{"line":22,"column":2},"end":{"line":27,"column":6}},"8":{"start":{"line":22,"column":33},"end":{"line":27,"column":4}},"9":{"start":{"line":29,"column":21},"end":{"line":31,"column":3}},"10":{"start":{"line":30,"column":4},"end":{"line":30,"column":68}},"11":{"start":{"line":32,"column":29},"end":{"line":36,"column":3}},"12":{"start":{"line":33,"column":4},"end":{"line":34,"column":25}},"13":{"start":{"line":33,"column":17},"end":{"line":33,"column":33}},"14":{"start":{"line":34,"column":9},"end":{"line":34,"column":25}},"15":{"start":{"line":35,"column":4},"end":{"line":35,"column":68}},"16":{"start":{"line":37,"column":18},"end":{"line":39,"column":3}},"17":{"start":{"line":40,"column":17},"end":{"line":40,"column":46}},"18":{"start":{"line":40,"column":24},"end":{"line":40,"column":45}},"19":{"start":{"line":42,"column":2},"end":{"line":45,"column":4}},"20":{"start":{"line":48,"column":0},"end":{"line":48,"column":26}},"21":{"start":{"line":50,"column":18},"end":{"line":56,"column":1}},"22":{"start":{"line":51,"column":35},"end":{"line":51,"column":40}},"23":{"start":{"line":51,"column":42},"end":{"line":51,"column":57}},"24":{"start":{"line":51,"column":58},"end":{"line":51,"column":73}},"25":{"start":{"line":52,"column":2},"end":{"line":52,"column":17}},"26":{"start":{"line":52,"column":18},"end":{"line":52,"column":33}},"27":{"start":{"line":52,"column":34},"end":{"line":52,"column":49}},"28":{"start":{"line":52,"column":50},"end":{"line":52,"column":66}},"29":{"start":{"line":53,"column":2},"end":{"line":53,"column":45}},"30":{"start":{"line":53,"column":46},"end":{"line":53,"column":61}},"31":{"start":{"line":54,"column":2},"end":{"line":54,"column":29}},"32":{"start":{"line":54,"column":30},"end":{"line":54,"column":57}},"33":{"start":{"line":55,"column":2},"end":{"line":55,"column":25}}},"fnMap":{"0":{"name":"(anonymous_1)","decl":{"start":{"line":19,"column":46},"end":{"line":19,"column":47}},"loc":{"start":{"line":19,"column":62},"end":{"line":46,"column":1}}},"1":{"name":"(anonymous_2)","decl":{"start":{"line":22,"column":28},"end":{"line":22,"column":30}},"loc":{"start":{"line":22,"column":33},"end":{"line":27,"column":4}}},"2":{"name":"(anonymous_3)","decl":{"start":{"line":29,"column":21},"end":{"line":29,"column":22}},"loc":{"start":{"line":29,"column":46},"end":{"line":31,"column":3}}},"3":{"name":"(anonymous_4)","decl":{"start":{"line":32,"column":29},"end":{"line":32,"column":30}},"loc":{"start":{"line":32,"column":64},"end":{"line":36,"column":3}}},"4":{"name":"(anonymous_5)","decl":{"start":{"line":37,"column":18},"end":{"line":37,"column":19}},"loc":{"start":{"line":37,"column":37},"end":{"line":39,"column":3}}},"5":{"name":"(anonymous_6)","decl":{"start":{"line":40,"column":17},"end":{"line":40,"column":20}},"loc":{"start":{"line":40,"column":24},"end":{"line":40,"column":45}}},"6":{"name":"(anonymous_7)","decl":{"start":{"line":50,"column":18},"end":{"line":50,"column":19}},"loc":{"start":{"line":50,"column":60},"end":{"line":56,"column":1}}}},"branchMap":{"0":{"loc":{"start":{"line":33,"column":4},"end":{"line":34,"column":25}},"type":"if","locations":[{"start":{"line":33,"column":4},"end":{"line":34,"column":25}},{"start":{"line":33,"column":4},"end":{"line":34,"column":25}}]}},"s":{"0":1,"1":1,"2":1,"3":1,"4":1,"5":1,"6":1,"7":1,"8":1,"9":1,"10":0,"11":1,"12":0,"13":0,"14":0,"15":0,"16":1,"17":1,"18":0,"19":1,"20":1,"21":1,"22":1,"23":1,"24":1,"25":1,"26":1,"27":1,"28":1,"29":1,"30":1,"31":1,"32":1,"33":1},"f":{"0":1,"1":1,"2":0,"3":0,"4":0,"5":0,"6":1},"b":{"0":[0,0]}}
,"/Users/yamaurakazuki/Work/ConnectJS/src/component/Header.tsx": {"path":"/Users/yamaurakazuki/Work/ConnectJS/src/component/Header.tsx","statementMap":{"0":{"start":{"line":2,"column":0},"end":{"line":2,"column":42}},"1":{"start":{"line":4,"column":0},"end":{"line":4,"column":44}},"2":{"start":{"line":5,"column":0},"end":{"line":5,"column":40}},"3":{"start":{"line":6,"column":0},"end":{"line":6,"column":39}},"4":{"start":{"line":8,"column":25},"end":{"line":16,"column":1}},"5":{"start":{"line":9,"column":19},"end":{"line":9,"column":32}},"6":{"start":{"line":10,"column":21},"end":{"line":10,"column":62}},"7":{"start":{"line":10,"column":39},"end":{"line":10,"column":62}},"8":{"start":{"line":11,"column":2},"end":{"line":15,"column":null}},"9":{"start":{"line":18,"column":0},"end":{"line":18,"column":22}}},"fnMap":{"0":{"name":"(anonymous_1)","decl":{"start":{"line":8,"column":25},"end":{"line":8,"column":28}},"loc":{"start":{"line":8,"column":30},"end":{"line":16,"column":1}}},"1":{"name":"(anonymous_2)","decl":{"start":{"line":10,"column":21},"end":{"line":10,"column":22}},"loc":{"start":{"line":10,"column":39},"end":{"line":10,"column":62}}}},"branchMap":{},"s":{"0":1,"1":1,"2":1,"3":1,"4":1,"5":1,"6":1,"7":0,"8":1,"9":1},"f":{"0":1,"1":0},"b":{}}
,"/Users/yamaurakazuki/Work/ConnectJS/src/component/MainBoard.tsx": {"path":"/Users/yamaurakazuki/Work/ConnectJS/src/component/MainBoard.tsx","statementMap":{"0":{"start":{"line":1,"column":0},"end":{"line":1,"column":38}},"1":{"start":{"line":2,"column":0},"end":{"line":2,"column":55}},"2":{"start":{"line":4,"column":0},"end":{"line":4,"column":59}},"3":{"start":{"line":5,"column":0},"end":{"line":5,"column":53}},"4":{"start":{"line":6,"column":0},"end":{"line":6,"column":83}},"5":{"start":{"line":7,"column":0},"end":{"line":7,"column":54}},"6":{"start":{"line":8,"column":0},"end":{"line":8,"column":60}},"7":{"start":{"line":9,"column":0},"end":{"line":9,"column":28}},"8":{"start":{"line":10,"column":0},"end":{"line":10,"column":72}},"9":{"start":{"line":11,"column":0},"end":{"line":11,"column":66}},"10":{"start":{"line":12,"column":0},"end":{"line":12,"column":42}},"11":{"start":{"line":15,"column":28},"end":{"line":43,"column":1}},"12":{"start":{"line":16,"column":16},"end":{"line":16,"column":68}},"13":{"start":{"line":16,"column":50},"end":{"line":16,"column":67}},"14":{"start":{"line":17,"column":20},"end":{"line":17,"column":83}},"15":{"start":{"line":17,"column":54},"end":{"line":17,"column":82}},"16":{"start":{"line":18,"column":21},"end":{"line":18,"column":55}},"17":{"start":{"line":19,"column":16},"end":{"line":19,"column":84}},"18":{"start":{"line":20,"column":27},"end":{"line":20,"column":73}},"19":{"start":{"line":21,"column":15},"end":{"line":21,"column":107}},"20":{"start":{"line":22,"column":20},"end":{"line":22,"column":70}},"21":{"start":{"line":23,"column":24},"end":{"line":23,"column":53}},"22":{"start":{"line":24,"column":19},"end":{"line":24,"column":32}},"23":{"start":{"line":25,"column":21},"end":{"line":25,"column":63}},"24":{"start":{"line":25,"column":37},"end":{"line":25,"column":63}},"25":{"start":{"line":26,"column":24},"end":{"line":26,"column":79}},"26":{"start":{"line":26,"column":47},"end":{"line":26,"column":79}},"27":{"start":{"line":28,"column":2},"end":{"line":42,"column":null}},"28":{"start":{"line":30,"column":20},"end":{"line":30,"column":37}},"29":{"start":{"line":30,"column":81},"end":{"line":30,"column":96}},"30":{"start":{"line":30,"column":114},"end":{"line":30,"column":129}},"31":{"start":{"line":32,"column":8},"end":{"line":32,"column":38}},"32":{"start":{"line":32,"column":31},"end":{"line":32,"column":38}},"33":{"start":{"line":33,"column":32},"end":{"line":33,"column":34}},"34":{"start":{"line":34,"column":8},"end":{"line":34,"column":null}},"35":{"start":{"line":34,"column":26},"end":{"line":34,"column":74}},"36":{"start":{"line":34,"column":59},"end":{"line":34,"column":68}},"37":{"start":{"line":35,"column":8},"end":{"line":35,"column":null}},"38":{"start":{"line":38,"column":21},"end":{"line":38,"column":44}},"39":{"start":{"line":45,"column":0},"end":{"line":45,"column":25}},"40":{"start":{"line":47,"column":15},"end":{"line":47,"column":49}},"41":{"start":{"line":47,"column":39},"end":{"line":47,"column":48}},"42":{"start":{"line":48,"column":15},"end":{"line":48,"column":117}},"43":{"start":{"line":48,"column":81},"end":{"line":48,"column":116}}},"fnMap":{"0":{"name":"(anonymous_7)","decl":{"start":{"line":15,"column":28},"end":{"line":15,"column":31}},"loc":{"start":{"line":15,"column":33},"end":{"line":43,"column":1}}},"1":{"name":"(anonymous_8)","decl":{"start":{"line":16,"column":28},"end":{"line":16,"column":29}},"loc":{"start":{"line":16,"column":50},"end":{"line":16,"column":67}}},"2":{"name":"(anonymous_9)","decl":{"start":{"line":17,"column":32},"end":{"line":17,"column":33}},"loc":{"start":{"line":17,"column":54},"end":{"line":17,"column":82}}},"3":{"name":"(anonymous_10)","decl":{"start":{"line":25,"column":21},"end":{"line":25,"column":22}},"loc":{"start":{"line":25,"column":37},"end":{"line":25,"column":63}}},"4":{"name":"(anonymous_11)","decl":{"start":{"line":26,"column":24},"end":{"line":26,"column":25}},"loc":{"start":{"line":26,"column":47},"end":{"line":26,"column":79}}},"5":{"name":"(anonymous_12)","decl":{"start":{"line":30,"column":17},"end":{"line":30,"column":18}},"loc":{"start":{"line":30,"column":20},"end":{"line":30,"column":37}}},"6":{"name":"(anonymous_13)","decl":{"start":{"line":30,"column":78},"end":{"line":30,"column":79}},"loc":{"start":{"line":30,"column":81},"end":{"line":30,"column":96}}},"7":{"name":"(anonymous_14)","decl":{"start":{"line":30,"column":111},"end":{"line":30,"column":112}},"loc":{"start":{"line":30,"column":114},"end":{"line":30,"column":129}}},"8":{"name":"(anonymous_15)","decl":{"start":{"line":31,"column":21},"end":{"line":31,"column":22}},"loc":{"start":{"line":31,"column":31},"end":{"line":36,"column":7}}},"9":{"name":"(anonymous_16)","decl":{"start":{"line":34,"column":20},"end":{"line":34,"column":22}},"loc":{"start":{"line":34,"column":24},"end":{"line":34,"column":76}}},"10":{"name":"(anonymous_17)","decl":{"start":{"line":34,"column":56},"end":{"line":34,"column":57}},"loc":{"start":{"line":34,"column":59},"end":{"line":34,"column":68}}},"11":{"name":"(anonymous_18)","decl":{"start":{"line":38,"column":18},"end":{"line":38,"column":19}},"loc":{"start":{"line":38,"column":21},"end":{"line":38,"column":44}}},"12":{"name":"(anonymous_19)","decl":{"start":{"line":47,"column":15},"end":{"line":47,"column":16}},"loc":{"start":{"line":47,"column":39},"end":{"line":47,"column":48}}},"13":{"name":"(anonymous_20)","decl":{"start":{"line":48,"column":15},"end":{"line":48,"column":16}},"loc":{"start":{"line":48,"column":81},"end":{"line":48,"column":116}}}},"branchMap":{"0":{"loc":{"start":{"line":32,"column":8},"end":{"line":32,"column":38}},"type":"if","locations":[{"start":{"line":32,"column":8},"end":{"line":32,"column":38}},{"start":{"line":32,"column":8},"end":{"line":32,"column":38}}]}},"s":{"0":1,"1":1,"2":1,"3":1,"4":1,"5":1,"6":1,"7":1,"8":1,"9":1,"10":1,"11":1,"12":1,"13":0,"14":1,"15":0,"16":1,"17":1,"18":1,"19":1,"20":1,"21":1,"22":1,"23":1,"24":0,"25":1,"26":0,"27":1,"28":0,"29":0,"30":0,"31":1,"32":1,"33":0,"34":0,"35":0,"36":0,"37":0,"38":0,"39":1,"40":1,"41":0,"42":1,"43":1},"f":{"0":1,"1":0,"2":0,"3":0,"4":0,"5":0,"6":0,"7":0,"8":1,"9":0,"10":0,"11":0,"12":0,"13":1},"b":{"0":[1,0]}}
,"/Users/yamaurakazuki/Work/ConnectJS/src/component/Panel.tsx": {"path":"/Users/yamaurakazuki/Work/ConnectJS/src/component/Panel.tsx","statementMap":{"0":{"start":{"line":1,"column":0},"end":{"line":1,"column":40}},"1":{"start":{"line":2,"column":0},"end":{"line":2,"column":42}},"2":{"start":{"line":3,"column":0},"end":{"line":3,"column":82}},"3":{"start":{"line":4,"column":0},"end":{"line":4,"column":69}},"4":{"start":{"line":5,"column":0},"end":{"line":5,"column":72}},"5":{"start":{"line":6,"column":0},"end":{"line":6,"column":37}},"6":{"start":{"line":7,"column":0},"end":{"line":7,"column":46}},"7":{"start":{"line":13,"column":31},"end":{"line":92,"column":1}},"8":{"start":{"line":14,"column":19},"end":{"line":14,"column":32}},"9":{"start":{"line":15,"column":28},"end":{"line":15,"column":47}},"10":{"start":{"line":16,"column":21},"end":{"line":16,"column":63}},"11":{"start":{"line":16,"column":38},"end":{"line":16,"column":63}},"12":{"start":{"line":18,"column":21},"end":{"line":24,"column":3}},"13":{"start":{"line":19,"column":35},"end":{"line":22,"column":6}},"14":{"start":{"line":23,"column":4},"end":{"line":23,"column":29}},"15":{"start":{"line":25,"column":23},"end":{"line":25,"column":57}},"16":{"start":{"line":25,"column":29},"end":{"line":25,"column":57}},"17":{"start":{"line":26,"column":32},"end":{"line":34,"column":3}},"18":{"start":{"line":27,"column":28},"end":{"line":32,"column":5}},"19":{"start":{"line":28,"column":6},"end":{"line":31,"column":null}},"20":{"start":{"line":29,"column":8},"end":{"line":29,"column":27}},"21":{"start":{"line":30,"column":8},"end":{"line":30,"column":27}},"22":{"start":{"line":33,"column":4},"end":{"line":33,"column":27}},"23":{"start":{"line":35,"column":26},"end":{"line":45,"column":3}},"24":{"start":{"line":36,"column":22},"end":{"line":43,"column":5}},"25":{"start":{"line":37,"column":6},"end":{"line":37,"column":42}},"26":{"start":{"line":38,"column":6},"end":{"line":42,"column":null}},"27":{"start":{"line":39,"column":8},"end":{"line":39,"column":20}},"28":{"start":{"line":40,"column":13},"end":{"line":42,"column":null}},"29":{"start":{"line":41,"column":8},"end":{"line":41,"column":26}},"30":{"start":{"line":44,"column":4},"end":{"line":44,"column":21}},"31":{"start":{"line":48,"column":15},"end":{"line":48,"column":71}},"32":{"start":{"line":49,"column":2},"end":{"line":57,"column":null}},"33":{"start":{"line":51,"column":6},"end":{"line":51,"column":48}},"34":{"start":{"line":52,"column":6},"end":{"line":52,"column":12}},"35":{"start":{"line":55,"column":6},"end":{"line":55,"column":43}},"36":{"start":{"line":58,"column":19},"end":{"line":61,"column":3}},"37":{"start":{"line":59,"column":4},"end":{"line":59,"column":23}},"38":{"start":{"line":60,"column":4},"end":{"line":60,"column":64}},"39":{"start":{"line":62,"column":20},"end":{"line":65,"column":3}},"40":{"start":{"line":63,"column":4},"end":{"line":63,"column":23}},"41":{"start":{"line":64,"column":4},"end":{"line":64,"column":65}},"42":{"start":{"line":67,"column":2},"end":{"line":91,"column":null}},"43":{"start":{"line":71,"column":10},"end":{"line":79,"column":null}},"44":{"start":{"line":84,"column":37},"end":{"line":84,"column":112}},"45":{"start":{"line":88,"column":39},"end":{"line":88,"column":115}},"46":{"start":{"line":94,"column":0},"end":{"line":94,"column":21}}},"fnMap":{"0":{"name":"(anonymous_1)","decl":{"start":{"line":13,"column":31},"end":{"line":13,"column":36}},"loc":{"start":{"line":13,"column":39},"end":{"line":92,"column":1}}},"1":{"name":"(anonymous_2)","decl":{"start":{"line":16,"column":21},"end":{"line":16,"column":22}},"loc":{"start":{"line":16,"column":38},"end":{"line":16,"column":63}}},"2":{"name":"(anonymous_3)","decl":{"start":{"line":18,"column":21},"end":{"line":18,"column":22}},"loc":{"start":{"line":18,"column":38},"end":{"line":24,"column":3}}},"3":{"name":"(anonymous_4)","decl":{"start":{"line":25,"column":23},"end":{"line":25,"column":26}},"loc":{"start":{"line":25,"column":29},"end":{"line":25,"column":57}}},"4":{"name":"(anonymous_5)","decl":{"start":{"line":26,"column":32},"end":{"line":26,"column":33}},"loc":{"start":{"line":26,"column":53},"end":{"line":34,"column":3}}},"5":{"name":"(anonymous_6)","decl":{"start":{"line":27,"column":28},"end":{"line":27,"column":29}},"loc":{"start":{"line":27,"column":70},"end":{"line":32,"column":5}}},"6":{"name":"(anonymous_7)","decl":{"start":{"line":35,"column":26},"end":{"line":35,"column":27}},"loc":{"start":{"line":35,"column":49},"end":{"line":45,"column":3}}},"7":{"name":"(anonymous_8)","decl":{"start":{"line":36,"column":22},"end":{"line":36,"column":25}},"loc":{"start":{"line":36,"column":27},"end":{"line":43,"column":5}}},"8":{"name":"(anonymous_9)","decl":{"start":{"line":58,"column":19},"end":{"line":58,"column":20}},"loc":{"start":{"line":58,"column":62},"end":{"line":61,"column":3}}},"9":{"name":"(anonymous_10)","decl":{"start":{"line":62,"column":20},"end":{"line":62,"column":21}},"loc":{"start":{"line":62,"column":63},"end":{"line":65,"column":3}}},"10":{"name":"(anonymous_11)","decl":{"start":{"line":70,"column":25},"end":{"line":70,"column":26}},"loc":{"start":{"line":70,"column":32},"end":{"line":80,"column":9}}},"11":{"name":"(anonymous_12)","decl":{"start":{"line":84,"column":25},"end":{"line":84,"column":26}},"loc":{"start":{"line":84,"column":37},"end":{"line":84,"column":112}}},"12":{"name":"(anonymous_13)","decl":{"start":{"line":88,"column":26},"end":{"line":88,"column":27}},"loc":{"start":{"line":88,"column":39},"end":{"line":88,"column":115}}}},"branchMap":{"0":{"loc":{"start":{"line":28,"column":6},"end":{"line":31,"column":null}},"type":"if","locations":[{"start":{"line":28,"column":6},"end":{"line":31,"column":null}},{"start":{"line":28,"column":6},"end":{"line":31,"column":null}}]},"1":{"loc":{"start":{"line":38,"column":6},"end":{"line":42,"column":null}},"type":"if","locations":[{"start":{"line":38,"column":6},"end":{"line":42,"column":null}},{"start":{"line":38,"column":6},"end":{"line":42,"column":null}}]},"2":{"loc":{"start":{"line":40,"column":13},"end":{"line":42,"column":null}},"type":"if","locations":[{"start":{"line":40,"column":13},"end":{"line":42,"column":null}},{"start":{"line":40,"column":13},"end":{"line":42,"column":null}}]},"3":{"loc":{"start":{"line":48,"column":36},"end":{"line":48,"column":54}},"type":"cond-expr","locations":[{"start":{"line":48,"column":36},"end":{"line":48,"column":54}},{"start":{"line":48,"column":57},"end":{"line":48,"column":71}}]},"4":{"loc":{"start":{"line":50,"column":4},"end":{"line":53,"column":null}},"type":"switch","locations":[{"start":{"line":50,"column":4},"end":{"line":53,"column":null}},{"start":{"line":54,"column":4},"end":{"line":56,"column":null}}]},"5":{"loc":{"start":{"line":72,"column":67},"end":{"line":72,"column":93}},"type":"cond-expr","locations":[{"start":{"line":72,"column":67},"end":{"line":72,"column":93}},{"start":{"line":72,"column":96},"end":{"line":72,"column":98}}]}},"s":{"0":1,"1":1,"2":1,"3":1,"4":1,"5":1,"6":1,"7":1,"8":0,"9":0,"10":0,"11":0,"12":0,"13":0,"14":0,"15":0,"16":0,"17":0,"18":0,"19":0,"20":0,"21":0,"22":0,"23":0,"24":0,"25":0,"26":0,"27":0,"28":0,"29":0,"30":0,"31":0,"32":0,"33":0,"34":0,"35":0,"36":0,"37":0,"38":0,"39":0,"40":0,"41":0,"42":0,"43":0,"44":0,"45":0,"46":1},"f":{"0":0,"1":0,"2":0,"3":0,"4":0,"5":0,"6":0,"7":0,"8":0,"9":0,"10":0,"11":0,"12":0},"b":{"0":[0,0],"1":[0,0],"2":[0,0],"3":[0,0],"4":[0,0],"5":[0,0]}}
,"/Users/yamaurakazuki/Work/ConnectJS/src/component/Base/Header.tsx": {"path":"/Users/yamaurakazuki/Work/ConnectJS/src/component/Base/Header.tsx","statementMap":{"0":{"start":{"line":2,"column":0},"end":{"line":2,"column":42}},"1":{"start":{"line":3,"column":0},"end":{"line":3,"column":56}},"2":{"start":{"line":4,"column":0},"end":{"line":4,"column":38}},"3":{"start":{"line":5,"column":0},"end":{"line":5,"column":45}},"4":{"start":{"line":13,"column":32},"end":{"line":26,"column":1}},"5":{"start":{"line":14,"column":19},"end":{"line":14,"column":32}},"6":{"start":{"line":15,"column":21},"end":{"line":15,"column":81}},"7":{"start":{"line":15,"column":39},"end":{"line":15,"column":81}},"8":{"start":{"line":17,"column":2},"end":{"line":25,"column":null}},"9":{"start":{"line":28,"column":0},"end":{"line":28,"column":22}}},"fnMap":{"0":{"name":"(anonymous_1)","decl":{"start":{"line":13,"column":32},"end":{"line":13,"column":37}},"loc":{"start":{"line":13,"column":40},"end":{"line":26,"column":1}}},"1":{"name":"(anonymous_2)","decl":{"start":{"line":15,"column":21},"end":{"line":15,"column":22}},"loc":{"start":{"line":15,"column":39},"end":{"line":15,"column":81}}}},"branchMap":{},"s":{"0":1,"1":1,"2":1,"3":1,"4":1,"5":0,"6":0,"7":0,"8":0,"9":1},"f":{"0":0,"1":0},"b":{}}
,"/Users/yamaurakazuki/Work/ConnectJS/src/component/Base/Main.tsx": {"path":"/Users/yamaurakazuki/Work/ConnectJS/src/component/Base/Main.tsx","statementMap":{"0":{"start":{"line":2,"column":0},"end":{"line":2,"column":43}},"1":{"start":{"line":9,"column":30},"end":{"line":15,"column":1}},"2":{"start":{"line":10,"column":2},"end":{"line":14,"column":null}},"3":{"start":{"line":17,"column":0},"end":{"line":17,"column":20}}},"fnMap":{"0":{"name":"(anonymous_1)","decl":{"start":{"line":9,"column":30},"end":{"line":9,"column":35}},"loc":{"start":{"line":9,"column":38},"end":{"line":15,"column":1}}}},"branchMap":{},"s":{"0":1,"1":1,"2":0,"3":1},"f":{"0":0},"b":{}}
,"/Users/yamaurakazuki/Work/ConnectJS/src/component/Base/index.tsx": {"path":"/Users/yamaurakazuki/Work/ConnectJS/src/component/Base/index.tsx","statementMap":{"0":{"start":{"line":1,"column":0},"end":{"line":1,"column":104}},"1":{"start":{"line":2,"column":0},"end":{"line":2,"column":42}},"2":{"start":{"line":4,"column":0},"end":{"line":4,"column":52}},"3":{"start":{"line":5,"column":0},"end":{"line":5,"column":30}},"4":{"start":{"line":6,"column":0},"end":{"line":6,"column":26}},"5":{"start":{"line":7,"column":0},"end":{"line":7,"column":51}},"6":{"start":{"line":8,"column":0},"end":{"line":8,"column":35}},"7":{"start":{"line":10,"column":0},"end":{"line":10,"column":82}},"8":{"start":{"line":11,"column":0},"end":{"line":11,"column":38}},"9":{"start":{"line":30,"column":13},"end":{"line":101,"column":2}},"10":{"start":{"line":31,"column":23},"end":{"line":31,"column":28}},"11":{"start":{"line":32,"column":14},"end":{"line":32,"column":58}},"12":{"start":{"line":33,"column":17},"end":{"line":33,"column":41}},"13":{"start":{"line":34,"column":66},"end":{"line":34,"column":74}},"14":{"start":{"line":36,"column":19},"end":{"line":36,"column":32}},"15":{"start":{"line":37,"column":21},"end":{"line":37,"column":63}},"16":{"start":{"line":37,"column":38},"end":{"line":37,"column":63}},"17":{"start":{"line":38,"column":18},"end":{"line":38,"column":62}},"18":{"start":{"line":40,"column":22},"end":{"line":40,"column":95}},"19":{"start":{"line":40,"column":56},"end":{"line":40,"column":95}},"20":{"start":{"line":41,"column":25},"end":{"line":41,"column":85}},"21":{"start":{"line":41,"column":47},"end":{"line":41,"column":85}},"22":{"start":{"line":42,"column":17},"end":{"line":42,"column":80}},"23":{"start":{"line":42,"column":24},"end":{"line":42,"column":79}},"24":{"start":{"line":43,"column":18},"end":{"line":43,"column":85}},"25":{"start":{"line":43,"column":25},"end":{"line":43,"column":84}},"26":{"start":{"line":44,"column":25},"end":{"line":50,"column":3}},"27":{"start":{"line":45,"column":16},"end":{"line":45,"column":51}},"28":{"start":{"line":46,"column":4},"end":{"line":46,"column":45}},"29":{"start":{"line":47,"column":4},"end":{"line":47,"column":92}},"30":{"start":{"line":47,"column":79},"end":{"line":47,"column":92}},"31":{"start":{"line":48,"column":4},"end":{"line":48,"column":70}},"32":{"start":{"line":49,"column":4},"end":{"line":49,"column":16}},"33":{"start":{"line":51,"column":26},"end":{"line":60,"column":3}},"34":{"start":{"line":52,"column":14},"end":{"line":52,"column":28}},"35":{"start":{"line":53,"column":4},"end":{"line":53,"column":137}},"36":{"start":{"line":54,"column":4},"end":{"line":54,"column":38}},"37":{"start":{"line":54,"column":30},"end":{"line":54,"column":38}},"38":{"start":{"line":55,"column":4},"end":{"line":55,"column":39}},"39":{"start":{"line":55,"column":31},"end":{"line":55,"column":39}},"40":{"start":{"line":56,"column":4},"end":{"line":56,"column":76}},"41":{"start":{"line":57,"column":4},"end":{"line":57,"column":54}},"42":{"start":{"line":58,"column":4},"end":{"line":58,"column":74}},"43":{"start":{"line":59,"column":4},"end":{"line":59,"column":13}},"44":{"start":{"line":61,"column":2},"end":{"line":68,"column":6}},"45":{"start":{"line":61,"column":33},"end":{"line":68,"column":4}},"46":{"start":{"line":70,"column":2},"end":{"line":79,"column":null}},"47":{"start":{"line":72,"column":4},"end":{"line":72,"column":22}},"48":{"start":{"line":73,"column":4},"end":{"line":73,"column":52}},"49":{"start":{"line":74,"column":4},"end":{"line":74,"column":24}},"50":{"start":{"line":75,"column":4},"end":{"line":75,"column":26}},"51":{"start":{"line":76,"column":4},"end":{"line":76,"column":28}},"52":{"start":{"line":77,"column":4},"end":{"line":77,"column":70}},"53":{"start":{"line":78,"column":4},"end":{"line":78,"column":127}},"54":{"start":{"line":81,"column":29},"end":{"line":90,"column":3}},"55":{"start":{"line":81,"column":66},"end":{"line":90,"column":3}},"56":{"start":{"line":82,"column":34},"end":{"line":82,"column":47}},"57":{"start":{"line":83,"column":20},"end":{"line":83,"column":46}},"58":{"start":{"line":84,"column":16},"end":{"line":84,"column":46}},"59":{"start":{"line":85,"column":4},"end":{"line":88,"column":null}},"60":{"start":{"line":86,"column":6},"end":{"line":86,"column":35}},"61":{"start":{"line":86,"column":21},"end":{"line":86,"column":35}},"62":{"start":{"line":87,"column":6},"end":{"line":87,"column":15}},"63":{"start":{"line":89,"column":4},"end":{"line":89,"column":28}},"64":{"start":{"line":91,"column":2},"end":{"line":100,"column":4}},"65":{"start":{"line":103,"column":0},"end":{"line":103,"column":20}},"66":{"start":{"line":105,"column":23},"end":{"line":105,"column":167}},"67":{"start":{"line":105,"column":99},"end":{"line":105,"column":166}},"68":{"start":{"line":107,"column":20},"end":{"line":107,"column":99}},"69":{"start":{"line":107,"column":73},"end":{"line":107,"column":98}},"70":{"start":{"line":108,"column":18},"end":{"line":108,"column":94}},"71":{"start":{"line":108,"column":76},"end":{"line":108,"column":93}},"72":{"start":{"line":109,"column":17},"end":{"line":109,"column":378}},"73":{"start":{"line":109,"column":289},"end":{"line":109,"column":377}}},"fnMap":{"0":{"name":"(anonymous_1)","decl":{"start":{"line":30,"column":40},"end":{"line":30,"column":41}},"loc":{"start":{"line":30,"column":56},"end":{"line":101,"column":1}}},"1":{"name":"(anonymous_2)","decl":{"start":{"line":37,"column":21},"end":{"line":37,"column":22}},"loc":{"start":{"line":37,"column":38},"end":{"line":37,"column":63}}},"2":{"name":"(anonymous_3)","decl":{"start":{"line":40,"column":22},"end":{"line":40,"column":23}},"loc":{"start":{"line":40,"column":56},"end":{"line":40,"column":95}}},"3":{"name":"(anonymous_4)","decl":{"start":{"line":41,"column":25},"end":{"line":41,"column":26}},"loc":{"start":{"line":41,"column":47},"end":{"line":41,"column":85}}},"4":{"name":"(anonymous_5)","decl":{"start":{"line":42,"column":17},"end":{"line":42,"column":20}},"loc":{"start":{"line":42,"column":24},"end":{"line":42,"column":79}}},"5":{"name":"(anonymous_6)","decl":{"start":{"line":43,"column":18},"end":{"line":43,"column":21}},"loc":{"start":{"line":43,"column":25},"end":{"line":43,"column":84}}},"6":{"name":"(anonymous_7)","decl":{"start":{"line":44,"column":25},"end":{"line":44,"column":26}},"loc":{"start":{"line":44,"column":39},"end":{"line":50,"column":3}}},"7":{"name":"(anonymous_8)","decl":{"start":{"line":51,"column":26},"end":{"line":51,"column":27}},"loc":{"start":{"line":51,"column":40},"end":{"line":60,"column":3}}},"8":{"name":"(anonymous_9)","decl":{"start":{"line":61,"column":28},"end":{"line":61,"column":30}},"loc":{"start":{"line":61,"column":33},"end":{"line":68,"column":4}}},"9":{"name":"(anonymous_10)","decl":{"start":{"line":70,"column":12},"end":{"line":70,"column":14}},"loc":{"start":{"line":70,"column":16},"end":{"line":79,"column":3}}},"10":{"name":"(anonymous_11)","decl":{"start":{"line":81,"column":29},"end":{"line":81,"column":30}},"loc":{"start":{"line":81,"column":66},"end":{"line":90,"column":3}}},"11":{"name":"(anonymous_12)","decl":{"start":{"line":81,"column":66},"end":{"line":81,"column":67}},"loc":{"start":{"line":81,"column":83},"end":{"line":90,"column":3}}},"12":{"name":"(anonymous_13)","decl":{"start":{"line":85,"column":35},"end":{"line":85,"column":36}},"loc":{"start":{"line":85,"column":44},"end":{"line":88,"column":5}}},"13":{"name":"(anonymous_14)","decl":{"start":{"line":105,"column":23},"end":{"line":105,"column":24}},"loc":{"start":{"line":105,"column":99},"end":{"line":105,"column":166}}},"14":{"name":"(anonymous_15)","decl":{"start":{"line":107,"column":20},"end":{"line":107,"column":21}},"loc":{"start":{"line":107,"column":73},"end":{"line":107,"column":98}}},"15":{"name":"(anonymous_16)","decl":{"start":{"line":108,"column":18},"end":{"line":108,"column":19}},"loc":{"start":{"line":108,"column":76},"end":{"line":108,"column":93}}},"16":{"name":"(anonymous_17)","decl":{"start":{"line":109,"column":17},"end":{"line":109,"column":18}},"loc":{"start":{"line":109,"column":289},"end":{"line":109,"column":377}}}},"branchMap":{"0":{"loc":{"start":{"line":47,"column":4},"end":{"line":47,"column":92}},"type":"if","locations":[{"start":{"line":47,"column":4},"end":{"line":47,"column":92}},{"start":{"line":47,"column":4},"end":{"line":47,"column":92}}]},"1":{"loc":{"start":{"line":47,"column":8},"end":{"line":47,"column":41}},"type":"binary-expr","locations":[{"start":{"line":47,"column":8},"end":{"line":47,"column":41}},{"start":{"line":47,"column":45},"end":{"line":47,"column":77}}]},"2":{"loc":{"start":{"line":54,"column":4},"end":{"line":54,"column":38}},"type":"if","locations":[{"start":{"line":54,"column":4},"end":{"line":54,"column":38}},{"start":{"line":54,"column":4},"end":{"line":54,"column":38}}]},"3":{"loc":{"start":{"line":55,"column":4},"end":{"line":55,"column":39}},"type":"if","locations":[{"start":{"line":55,"column":4},"end":{"line":55,"column":39}},{"start":{"line":55,"column":4},"end":{"line":55,"column":39}}]},"4":{"loc":{"start":{"line":83,"column":30},"end":{"line":83,"column":36}},"type":"cond-expr","locations":[{"start":{"line":83,"column":30},"end":{"line":83,"column":36}},{"start":{"line":83,"column":39},"end":{"line":83,"column":46}}]},"5":{"loc":{"start":{"line":84,"column":26},"end":{"line":84,"column":34}},"type":"cond-expr","locations":[{"start":{"line":84,"column":26},"end":{"line":84,"column":34}},{"start":{"line":84,"column":37},"end":{"line":84,"column":46}}]},"6":{"loc":{"start":{"line":86,"column":6},"end":{"line":86,"column":35}},"type":"if","locations":[{"start":{"line":86,"column":6},"end":{"line":86,"column":35}},{"start":{"line":86,"column":6},"end":{"line":86,"column":35}}]}},"s":{"0":1,"1":1,"2":1,"3":1,"4":1,"5":1,"6":1,"7":1,"8":1,"9":1,"10":0,"11":0,"12":0,"13":0,"14":0,"15":0,"16":0,"17":0,"18":0,"19":0,"20":0,"21":0,"22":0,"23":0,"24":0,"25":0,"26":0,"27":0,"28":0,"29":0,"30":0,"31":0,"32":0,"33":0,"34":0,"35":0,"36":0,"37":0,"38":0,"39":0,"40":0,"41":0,"42":0,"43":0,"44":0,"45":0,"46":0,"47":0,"48":0,"49":0,"50":0,"51":0,"52":0,"53":0,"54":0,"55":0,"56":0,"57":0,"58":0,"59":0,"60":0,"61":0,"62":0,"63":0,"64":0,"65":1,"66":1,"67":0,"68":1,"69":0,"70":1,"71":0,"72":1,"73":0},"f":{"0":0,"1":0,"2":0,"3":0,"4":0,"5":0,"6":0,"7":0,"8":0,"9":0,"10":0,"11":0,"12":0,"13":0,"14":0,"15":0,"16":0},"b":{"0":[0,0],"1":[0,0],"2":[0,0],"3":[0,0],"4":[0,0],"5":[0,0],"6":[0,0]}}
,"/Users/yamaurakazuki/Work/ConnectJS/src/component/Base/props.ts": {"path":"/Users/yamaurakazuki/Work/ConnectJS/src/component/Base/props.ts","statementMap":{"0":{"start":{"line":2,"column":0},"end":{"line":2,"column":73}},"1":{"start":{"line":4,"column":0},"end":{"line":4,"column":94}},"2":{"start":{"line":7,"column":0},"end":{"line":7,"column":29}},"3":{"start":{"line":8,"column":0},"end":{"line":8,"column":82}},"4":{"start":{"line":9,"column":0},"end":{"line":9,"column":68}},"5":{"start":{"line":10,"column":0},"end":{"line":10,"column":48}},"6":{"start":{"line":21,"column":2},"end":{"line":21,"column":30}},"7":{"start":{"line":44,"column":2},"end":{"line":62,"column":null}},"8":{"start":{"line":45,"column":16},"end":{"line":45,"column":55}},"9":{"start":{"line":46,"column":14},"end":{"line":46,"column":43}},"10":{"start":{"line":47,"column":17},"end":{"line":47,"column":22}},"11":{"start":{"line":47,"column":32},"end":{"line":47,"column":49}},"12":{"start":{"line":47,"column":57},"end":{"line":47,"column":62}},"13":{"start":{"line":47,"column":73},"end":{"line":47,"column":91}},"14":{"start":{"line":48,"column":23},"end":{"line":48,"column":65}},"15":{"start":{"line":48,"column":81},"end":{"line":48,"column":125}},"16":{"start":{"line":49,"column":24},"end":{"line":49,"column":64}},"17":{"start":{"line":49,"column":80},"end":{"line":49,"column":126}},"18":{"start":{"line":51,"column":4},"end":{"line":60,"column":null}},"19":{"start":{"line":52,"column":6},"end":{"line":54,"column":48}},"20":{"start":{"line":55,"column":6},"end":{"line":55,"column":34}},"21":{"start":{"line":56,"column":6},"end":{"line":56,"column":30}},"22":{"start":{"line":58,"column":6},"end":{"line":58,"column":25}},"23":{"start":{"line":59,"column":6},"end":{"line":59,"column":31}},"24":{"start":{"line":61,"column":4},"end":{"line":61,"column":42}},"25":{"start":{"line":64,"column":10},"end":{"line":89,"column":null}},"26":{"start":{"line":65,"column":12},"end":{"line":65,"column":42}},"27":{"start":{"line":66,"column":22},"end":{"line":72,"column":5}},"28":{"start":{"line":67,"column":16},"end":{"line":67,"column":47}},"29":{"start":{"line":68,"column":17},"end":{"line":68,"column":31}},"30":{"start":{"line":68,"column":33},"end":{"line":68,"column":39}},"31":{"start":{"line":69,"column":6},"end":{"line":69,"column":48}},"32":{"start":{"line":70,"column":6},"end":{"line":70,"column":78}},"33":{"start":{"line":70,"column":29},"end":{"line":70,"column":74}},"34":{"start":{"line":71,"column":6},"end":{"line":71,"column":78}},"35":{"start":{"line":71,"column":30},"end":{"line":71,"column":74}},"36":{"start":{"line":73,"column":24},"end":{"line":81,"column":5}},"37":{"start":{"line":74,"column":23},"end":{"line":74,"column":54}},"38":{"start":{"line":75,"column":18},"end":{"line":75,"column":23}},"39":{"start":{"line":75,"column":32},"end":{"line":75,"column":37}},"40":{"start":{"line":76,"column":6},"end":{"line":79,"column":null}},"41":{"start":{"line":77,"column":8},"end":{"line":77,"column":34}},"42":{"start":{"line":78,"column":8},"end":{"line":78,"column":20}},"43":{"start":{"line":80,"column":6},"end":{"line":80,"column":19}},"44":{"start":{"line":82,"column":20},"end":{"line":86,"column":5}},"45":{"start":{"line":83,"column":6},"end":{"line":83,"column":54}},"46":{"start":{"line":83,"column":26},"end":{"line":83,"column":54}},"47":{"start":{"line":84,"column":6},"end":{"line":84,"column":57}},"48":{"start":{"line":85,"column":6},"end":{"line":85,"column":53}},"49":{"start":{"line":87,"column":4},"end":{"line":87,"column":52}},"50":{"start":{"line":88,"column":4},"end":{"line":88,"column":48}},"51":{"start":{"line":90,"column":10},"end":{"line":116,"column":null}},"52":{"start":{"line":91,"column":16},"end":{"line":91,"column":55}},"53":{"start":{"line":92,"column":14},"end":{"line":92,"column":69}},"54":{"start":{"line":93,"column":12},"end":{"line":93,"column":42}},"55":{"start":{"line":94,"column":15},"end":{"line":94,"column":29}},"56":{"start":{"line":94,"column":39},"end":{"line":94,"column":53}},"57":{"start":{"line":94,"column":62},"end":{"line":94,"column":77}},"58":{"start":{"line":95,"column":22},"end":{"line":102,"column":5}},"59":{"start":{"line":96,"column":16},"end":{"line":96,"column":46}},"60":{"start":{"line":97,"column":17},"end":{"line":97,"column":31}},"61":{"start":{"line":97,"column":37},"end":{"line":97,"column":56}},"62":{"start":{"line":97,"column":58},"end":{"line":97,"column":64}},"63":{"start":{"line":98,"column":16},"end":{"line":98,"column":70}},"64":{"start":{"line":99,"column":6},"end":{"line":99,"column":73}},"65":{"start":{"line":100,"column":6},"end":{"line":100,"column":106}},"66":{"start":{"line":100,"column":29},"end":{"line":100,"column":102}},"67":{"start":{"line":101,"column":6},"end":{"line":101,"column":90}},"68":{"start":{"line":101,"column":30},"end":{"line":101,"column":86}},"69":{"start":{"line":103,"column":28},"end":{"line":108,"column":5}},"70":{"start":{"line":104,"column":16},"end":{"line":104,"column":48}},"71":{"start":{"line":105,"column":20},"end":{"line":105,"column":27}},"72":{"start":{"line":105,"column":38},"end":{"line":105,"column":114}},"73":{"start":{"line":106,"column":18},"end":{"line":106,"column":49}},"74":{"start":{"line":107,"column":6},"end":{"line":107,"column":123}},"75":{"start":{"line":107,"column":70},"end":{"line":107,"column":123}},"76":{"start":{"line":109,"column":20},"end":{"line":113,"column":5}},"77":{"start":{"line":110,"column":6},"end":{"line":110,"column":24}},"78":{"start":{"line":111,"column":6},"end":{"line":111,"column":57}},"79":{"start":{"line":112,"column":6},"end":{"line":112,"column":53}},"80":{"start":{"line":114,"column":4},"end":{"line":114,"column":52}},"81":{"start":{"line":115,"column":4},"end":{"line":115,"column":48}},"82":{"start":{"line":117,"column":2},"end":{"line":120,"column":null}},"83":{"start":{"line":118,"column":4},"end":{"line":119,"column":27}},"84":{"start":{"line":118,"column":26},"end":{"line":118,"column":45}},"85":{"start":{"line":119,"column":9},"end":{"line":119,"column":27}},"86":{"start":{"line":122,"column":2},"end":{"line":141,"column":null}},"87":{"start":{"line":122,"column":88},"end":{"line":141,"column":3}},"88":{"start":{"line":123,"column":14},"end":{"line":123,"column":61}},"89":{"start":{"line":124,"column":4},"end":{"line":124,"column":41}},"90":{"start":{"line":125,"column":4},"end":{"line":125,"column":46}},"91":{"start":{"line":126,"column":4},"end":{"line":126,"column":31}},"92":{"start":{"line":127,"column":4},"end":{"line":127,"column":29}},"93":{"start":{"line":128,"column":22},"end":{"line":132,"column":5}},"94":{"start":{"line":129,"column":22},"end":{"line":129,"column":53}},"95":{"start":{"line":130,"column":6},"end":{"line":131,"column":52}},"96":{"start":{"line":130,"column":19},"end":{"line":130,"column":60}},"97":{"start":{"line":131,"column":11},"end":{"line":131,"column":52}},"98":{"start":{"line":133,"column":20},"end":{"line":138,"column":5}},"99":{"start":{"line":134,"column":20},"end":{"line":134,"column":33}},"100":{"start":{"line":135,"column":6},"end":{"line":135,"column":49}},"101":{"start":{"line":136,"column":6},"end":{"line":136,"column":57}},"102":{"start":{"line":137,"column":6},"end":{"line":137,"column":50}},"103":{"start":{"line":139,"column":4},"end":{"line":139,"column":52}},"104":{"start":{"line":140,"column":4},"end":{"line":140,"column":48}},"105":{"start":{"line":142,"column":2},"end":{"line":158,"column":null}},"106":{"start":{"line":142,"column":89},"end":{"line":158,"column":3}},"107":{"start":{"line":143,"column":17},"end":{"line":143,"column":35}},"108":{"start":{"line":144,"column":4},"end":{"line":144,"column":41}},"109":{"start":{"line":144,"column":34},"end":{"line":144,"column":41}},"110":{"start":{"line":145,"column":4},"end":{"line":145,"column":46}},"111":{"start":{"line":145,"column":39},"end":{"line":145,"column":46}},"112":{"start":{"line":146,"column":4},"end":{"line":146,"column":121}},"113":{"start":{"line":146,"column":114},"end":{"line":146,"column":121}},"114":{"start":{"line":147,"column":14},"end":{"line":147,"column":61}},"115":{"start":{"line":148,"column":4},"end":{"line":157,"column":null}},"116":{"start":{"line":160,"column":2},"end":{"line":160,"column":null}},"117":{"start":{"line":160,"column":23},"end":{"line":160,"column":125}},"118":{"start":{"line":160,"column":87},"end":{"line":160,"column":91}},"119":{"start":{"line":160,"column":114},"end":{"line":160,"column":118}},"120":{"start":{"line":162,"column":10},"end":{"line":167,"column":null}},"121":{"start":{"line":163,"column":20},"end":{"line":163,"column":85}},"122":{"start":{"line":164,"column":4},"end":{"line":164,"column":125}},"123":{"start":{"line":164,"column":24},"end":{"line":164,"column":123}},"124":{"start":{"line":165,"column":4},"end":{"line":165,"column":127}},"125":{"start":{"line":165,"column":25},"end":{"line":165,"column":125}},"126":{"start":{"line":166,"column":4},"end":{"line":166,"column":40}},"127":{"start":{"line":168,"column":10},"end":{"line":173,"column":null}},"128":{"start":{"line":169,"column":20},"end":{"line":169,"column":66}},"129":{"start":{"line":170,"column":4},"end":{"line":170,"column":125}},"130":{"start":{"line":170,"column":24},"end":{"line":170,"column":123}},"131":{"start":{"line":171,"column":4},"end":{"line":171,"column":127}},"132":{"start":{"line":171,"column":25},"end":{"line":171,"column":125}},"133":{"start":{"line":172,"column":4},"end":{"line":172,"column":40}},"134":{"start":{"line":33,"column":4},"end":{"line":33,"column":22}},"135":{"start":{"line":34,"column":4},"end":{"line":34,"column":25}},"136":{"start":{"line":35,"column":4},"end":{"line":35,"column":32}},"137":{"start":{"line":36,"column":4},"end":{"line":36,"column":34}},"138":{"start":{"line":37,"column":4},"end":{"line":37,"column":26}},"139":{"start":{"line":38,"column":4},"end":{"line":38,"column":33}},"140":{"start":{"line":39,"column":4},"end":{"line":39,"column":38}},"141":{"start":{"line":40,"column":4},"end":{"line":40,"column":40}},"142":{"start":{"line":41,"column":4},"end":{"line":41,"column":30}},"143":{"start":{"line":186,"column":14},"end":{"line":186,"column":139}},"144":{"start":{"line":187,"column":2},"end":{"line":187,"column":20}},"145":{"start":{"line":176,"column":0},"end":{"line":176,"column":24}},"146":{"start":{"line":198,"column":23},"end":{"line":198,"column":143}},"147":{"start":{"line":198,"column":87},"end":{"line":198,"column":142}}},"fnMap":{"0":{"name":"(anonymous_0)","decl":{"start":{"line":24,"column":2},"end":{"line":24,"column":16}},"loc":{"start":{"line":31,"column":42},"end":{"line":42,"column":3}}},"1":{"name":"(anonymous_1)","decl":{"start":{"line":44,"column":63},"end":{"line":44,"column":64}},"loc":{"start":{"line":44,"column":67},"end":{"line":62,"column":3}}},"2":{"name":"(anonymous_2)","decl":{"start":{"line":64,"column":69},"end":{"line":64,"column":70}},"loc":{"start":{"line":64,"column":73},"end":{"line":89,"column":3}}},"3":{"name":"(anonymous_3)","decl":{"start":{"line":66,"column":22},"end":{"line":66,"column":23}},"loc":{"start":{"line":66,"column":40},"end":{"line":72,"column":5}}},"4":{"name":"(anonymous_4)","decl":{"start":{"line":70,"column":23},"end":{"line":70,"column":25}},"loc":{"start":{"line":70,"column":27},"end":{"line":70,"column":76}}},"5":{"name":"(anonymous_5)","decl":{"start":{"line":71,"column":24},"end":{"line":71,"column":26}},"loc":{"start":{"line":71,"column":28},"end":{"line":71,"column":76}}},"6":{"name":"(anonymous_6)","decl":{"start":{"line":73,"column":24},"end":{"line":73,"column":27}},"loc":{"start":{"line":73,"column":29},"end":{"line":81,"column":5}}},"7":{"name":"(anonymous_7)","decl":{"start":{"line":82,"column":20},"end":{"line":82,"column":23}},"loc":{"start":{"line":82,"column":25},"end":{"line":86,"column":5}}},"8":{"name":"(anonymous_8)","decl":{"start":{"line":90,"column":70},"end":{"line":90,"column":71}},"loc":{"start":{"line":90,"column":74},"end":{"line":116,"column":3}}},"9":{"name":"(anonymous_9)","decl":{"start":{"line":95,"column":22},"end":{"line":95,"column":23}},"loc":{"start":{"line":95,"column":40},"end":{"line":102,"column":5}}},"10":{"name":"(anonymous_10)","decl":{"start":{"line":100,"column":23},"end":{"line":100,"column":25}},"loc":{"start":{"line":100,"column":27},"end":{"line":100,"column":104}}},"11":{"name":"(anonymous_11)","decl":{"start":{"line":101,"column":24},"end":{"line":101,"column":26}},"loc":{"start":{"line":101,"column":28},"end":{"line":101,"column":88}}},"12":{"name":"(anonymous_12)","decl":{"start":{"line":103,"column":28},"end":{"line":103,"column":31}},"loc":{"start":{"line":103,"column":33},"end":{"line":108,"column":5}}},"13":{"name":"(anonymous_13)","decl":{"start":{"line":109,"column":20},"end":{"line":109,"column":23}},"loc":{"start":{"line":109,"column":25},"end":{"line":113,"column":5}}},"14":{"name":"(anonymous_14)","decl":{"start":{"line":117,"column":63},"end":{"line":117,"column":64}},"loc":{"start":{"line":117,"column":67},"end":{"line":120,"column":3}}},"15":{"name":"(anonymous_15)","decl":{"start":{"line":122,"column":71},"end":{"line":122,"column":72}},"loc":{"start":{"line":122,"column":88},"end":{"line":141,"column":3}}},"16":{"name":"(anonymous_16)","decl":{"start":{"line":122,"column":88},"end":{"line":122,"column":91}},"loc":{"start":{"line":122,"column":93},"end":{"line":141,"column":3}}},"17":{"name":"(anonymous_17)","decl":{"start":{"line":128,"column":22},"end":{"line":128,"column":23}},"loc":{"start":{"line":128,"column":40},"end":{"line":132,"column":5}}},"18":{"name":"(anonymous_18)","decl":{"start":{"line":133,"column":20},"end":{"line":133,"column":23}},"loc":{"start":{"line":133,"column":25},"end":{"line":138,"column":5}}},"19":{"name":"(anonymous_19)","decl":{"start":{"line":142,"column":72},"end":{"line":142,"column":73}},"loc":{"start":{"line":142,"column":89},"end":{"line":158,"column":3}}},"20":{"name":"(anonymous_20)","decl":{"start":{"line":142,"column":89},"end":{"line":142,"column":92}},"loc":{"start":{"line":142,"column":94},"end":{"line":158,"column":3}}},"21":{"name":"(anonymous_21)","decl":{"start":{"line":160,"column":15},"end":{"line":160,"column":18}},"loc":{"start":{"line":160,"column":20},"end":{"line":160,"column":127}}},"22":{"name":"(anonymous_22)","decl":{"start":{"line":160,"column":84},"end":{"line":160,"column":85}},"loc":{"start":{"line":160,"column":87},"end":{"line":160,"column":91}}},"23":{"name":"(anonymous_23)","decl":{"start":{"line":160,"column":111},"end":{"line":160,"column":112}},"loc":{"start":{"line":160,"column":114},"end":{"line":160,"column":118}}},"24":{"name":"(anonymous_24)","decl":{"start":{"line":162,"column":23},"end":{"line":162,"column":24}},"loc":{"start":{"line":162,"column":84},"end":{"line":167,"column":3}}},"25":{"name":"(anonymous_25)","decl":{"start":{"line":164,"column":21},"end":{"line":164,"column":22}},"loc":{"start":{"line":164,"column":24},"end":{"line":164,"column":123}}},"26":{"name":"(anonymous_26)","decl":{"start":{"line":165,"column":22},"end":{"line":165,"column":23}},"loc":{"start":{"line":165,"column":25},"end":{"line":165,"column":125}}},"27":{"name":"(anonymous_27)","decl":{"start":{"line":168,"column":22},"end":{"line":168,"column":23}},"loc":{"start":{"line":168,"column":52},"end":{"line":173,"column":3}}},"28":{"name":"(anonymous_28)","decl":{"start":{"line":170,"column":21},"end":{"line":170,"column":22}},"loc":{"start":{"line":170,"column":24},"end":{"line":170,"column":123}}},"29":{"name":"(anonymous_29)","decl":{"start":{"line":171,"column":22},"end":{"line":171,"column":23}},"loc":{"start":{"line":171,"column":25},"end":{"line":171,"column":125}}},"30":{"name":"baseProps","decl":{"start":{"line":176,"column":24},"end":{"line":176,"column":33}},"loc":{"start":{"line":184,"column":40},"end":{"line":188,"column":1}}},"31":{"name":"(anonymous_31)","decl":{"start":{"line":198,"column":23},"end":{"line":198,"column":24}},"loc":{"start":{"line":198,"column":87},"end":{"line":198,"column":142}}}},"branchMap":{"0":{"loc":{"start":{"line":48,"column":23},"end":{"line":48,"column":42}},"type":"binary-expr","locations":[{"start":{"line":48,"column":23},"end":{"line":48,"column":42}},{"start":{"line":48,"column":46},"end":{"line":48,"column":65}}]},"1":{"loc":{"start":{"line":48,"column":81},"end":{"line":48,"column":101}},"type":"binary-expr","locations":[{"start":{"line":48,"column":81},"end":{"line":48,"column":101}},{"start":{"line":48,"column":105},"end":{"line":48,"column":125}}]},"2":{"loc":{"start":{"line":49,"column":24},"end":{"line":49,"column":42}},"type":"binary-expr","locations":[{"start":{"line":49,"column":24},"end":{"line":49,"column":42}},{"start":{"line":49,"column":46},"end":{"line":49,"column":64}}]},"3":{"loc":{"start":{"line":49,"column":80},"end":{"line":49,"column":101}},"type":"binary-expr","locations":[{"start":{"line":49,"column":80},"end":{"line":49,"column":101}},{"start":{"line":49,"column":105},"end":{"line":49,"column":126}}]},"4":{"loc":{"start":{"line":51,"column":4},"end":{"line":60,"column":null}},"type":"if","locations":[{"start":{"line":51,"column":4},"end":{"line":60,"column":null}},{"start":{"line":51,"column":4},"end":{"line":60,"column":null}}]},"5":{"loc":{"start":{"line":51,"column":8},"end":{"line":51,"column":18}},"type":"binary-expr","locations":[{"start":{"line":51,"column":8},"end":{"line":51,"column":18}},{"start":{"line":51,"column":22},"end":{"line":51,"column":33}},{"start":{"line":51,"column":37},"end":{"line":51,"column":48}},{"start":{"line":51,"column":52},"end":{"line":51,"column":63}}]},"6":{"loc":{"start":{"line":52,"column":77},"end":{"line":52,"column":83}},"type":"cond-expr","locations":[{"start":{"line":52,"column":77},"end":{"line":52,"column":83}},{"start":{"line":53,"column":8},"end":{"line":54,"column":47}}]},"7":{"loc":{"start":{"line":52,"column":16},"end":{"line":52,"column":26}},"type":"binary-expr","locations":[{"start":{"line":52,"column":16},"end":{"line":52,"column":26}},{"start":{"line":52,"column":30},"end":{"line":52,"column":41}},{"start":{"line":52,"column":47},"end":{"line":52,"column":58}},{"start":{"line":52,"column":62},"end":{"line":52,"column":73}}]},"8":{"loc":{"start":{"line":53,"column":70},"end":{"line":53,"column":76}},"type":"cond-expr","locations":[{"start":{"line":53,"column":70},"end":{"line":53,"column":76}},{"start":{"line":54,"column":8},"end":{"line":54,"column":47}}]},"9":{"loc":{"start":{"line":53,"column":9},"end":{"line":53,"column":19}},"type":"binary-expr","locations":[{"start":{"line":53,"column":9},"end":{"line":53,"column":19}},{"start":{"line":53,"column":23},"end":{"line":53,"column":34}},{"start":{"line":53,"column":40},"end":{"line":53,"column":51}},{"start":{"line":53,"column":55},"end":{"line":53,"column":66}}]},"10":{"loc":{"start":{"line":54,"column":36},"end":{"line":54,"column":40}},"type":"cond-expr","locations":[{"start":{"line":54,"column":36},"end":{"line":54,"column":40}},{"start":{"line":54,"column":43},"end":{"line":54,"column":47}}]},"11":{"loc":{"start":{"line":54,"column":8},"end":{"line":54,"column":18}},"type":"binary-expr","locations":[{"start":{"line":54,"column":8},"end":{"line":54,"column":18}},{"start":{"line":54,"column":22},"end":{"line":54,"column":33}}]},"12":{"loc":{"start":{"line":76,"column":6},"end":{"line":79,"column":null}},"type":"if","locations":[{"start":{"line":76,"column":6},"end":{"line":79,"column":null}},{"start":{"line":76,"column":6},"end":{"line":79,"column":null}}]},"13":{"loc":{"start":{"line":76,"column":10},"end":{"line":76,"column":34}},"type":"binary-expr","locations":[{"start":{"line":76,"column":10},"end":{"line":76,"column":34}},{"start":{"line":76,"column":38},"end":{"line":76,"column":60}}]},"14":{"loc":{"start":{"line":83,"column":6},"end":{"line":83,"column":54}},"type":"if","locations":[{"start":{"line":83,"column":6},"end":{"line":83,"column":54}},{"start":{"line":83,"column":6},"end":{"line":83,"column":54}}]},"15":{"loc":{"start":{"line":107,"column":6},"end":{"line":107,"column":123}},"type":"if","locations":[{"start":{"line":107,"column":6},"end":{"line":107,"column":123}},{"start":{"line":107,"column":6},"end":{"line":107,"column":123}}]},"16":{"loc":{"start":{"line":107,"column":10},"end":{"line":107,"column":36}},"type":"binary-expr","locations":[{"start":{"line":107,"column":10},"end":{"line":107,"column":36}},{"start":{"line":107,"column":40},"end":{"line":107,"column":68}}]},"17":{"loc":{"start":{"line":118,"column":4},"end":{"line":119,"column":27}},"type":"if","locations":[{"start":{"line":118,"column":4},"end":{"line":119,"column":27}},{"start":{"line":118,"column":4},"end":{"line":119,"column":27}}]},"18":{"loc":{"start":{"line":130,"column":6},"end":{"line":131,"column":52}},"type":"if","locations":[{"start":{"line":130,"column":6},"end":{"line":131,"column":52}},{"start":{"line":130,"column":6},"end":{"line":131,"column":52}}]},"19":{"loc":{"start":{"line":144,"column":4},"end":{"line":144,"column":41}},"type":"if","locations":[{"start":{"line":144,"column":4},"end":{"line":144,"column":41}},{"start":{"line":144,"column":4},"end":{"line":144,"column":41}}]},"20":{"loc":{"start":{"line":145,"column":4},"end":{"line":145,"column":46}},"type":"if","locations":[{"start":{"line":145,"column":4},"end":{"line":145,"column":46}},{"start":{"line":145,"column":4},"end":{"line":145,"column":46}}]},"21":{"loc":{"start":{"line":146,"column":4},"end":{"line":146,"column":121}},"type":"if","locations":[{"start":{"line":146,"column":4},"end":{"line":146,"column":121}},{"start":{"line":146,"column":4},"end":{"line":146,"column":121}}]},"22":{"loc":{"start":{"line":146,"column":8},"end":{"line":146,"column":33}},"type":"binary-expr","locations":[{"start":{"line":146,"column":8},"end":{"line":146,"column":33}},{"start":{"line":146,"column":37},"end":{"line":146,"column":63}},{"start":{"line":146,"column":67},"end":{"line":146,"column":88}},{"start":{"line":146,"column":92},"end":{"line":146,"column":112}}]},"23":{"loc":{"start":{"line":151,"column":25},"end":{"line":151,"column":38}},"type":"cond-expr","locations":[{"start":{"line":151,"column":25},"end":{"line":151,"column":38}},{"start":{"line":151,"column":41},"end":{"line":151,"column":52}}]},"24":{"loc":{"start":{"line":152,"column":21},"end":{"line":152,"column":23}},"type":"cond-expr","locations":[{"start":{"line":152,"column":21},"end":{"line":152,"column":23}},{"start":{"line":152,"column":26},"end":{"line":152,"column":33}}]},"25":{"loc":{"start":{"line":153,"column":26},"end":{"line":153,"column":39}},"type":"cond-expr","locations":[{"start":{"line":153,"column":26},"end":{"line":153,"column":39}},{"start":{"line":153,"column":42},"end":{"line":153,"column":53}}]},"26":{"loc":{"start":{"line":154,"column":22},"end":{"line":154,"column":24}},"type":"cond-expr","locations":[{"start":{"line":154,"column":22},"end":{"line":154,"column":24}},{"start":{"line":154,"column":27},"end":{"line":154,"column":34}}]},"27":{"loc":{"start":{"line":155,"column":21},"end":{"line":155,"column":22}},"type":"cond-expr","locations":[{"start":{"line":155,"column":21},"end":{"line":155,"column":22}},{"start":{"line":155,"column":25},"end":{"line":155,"column":31}}]},"28":{"loc":{"start":{"line":156,"column":20},"end":{"line":156,"column":21}},"type":"cond-expr","locations":[{"start":{"line":156,"column":20},"end":{"line":156,"column":21}},{"start":{"line":156,"column":24},"end":{"line":156,"column":30}}]}},"s":{"0":1,"1":1,"2":1,"3":1,"4":1,"5":1,"6":0,"7":0,"8":0,"9":0,"10":0,"11":0,"12":0,"13":0,"14":0,"15":0,"16":0,"17":0,"18":0,"19":0,"20":0,"21":0,"22":0,"23":0,"24":0,"25":0,"26":0,"27":0,"28":0,"29":0,"30":0,"31":0,"32":0,"33":0,"34":0,"35":0,"36":0,"37":0,"38":0,"39":0,"40":0,"41":0,"42":0,"43":0,"44":0,"45":0,"46":0,"47":0,"48":0,"49":0,"50":0,"51":0,"52":0,"53":0,"54":0,"55":0,"56":0,"57":0,"58":0,"59":0,"60":0,"61":0,"62":0,"63":0,"64":0,"65":0,"66":0,"67":0,"68":0,"69":0,"70":0,"71":0,"72":0,"73":0,"74":0,"75":0,"76":0,"77":0,"78":0,"79":0,"80":0,"81":0,"82":0,"83":0,"84":0,"85":0,"86":0,"87":0,"88":0,"89":0,"90":0,"91":0,"92":0,"93":0,"94":0,"95":0,"96":0,"97":0,"98":0,"99":0,"100":0,"101":0,"102":0,"103":0,"104":0,"105":0,"106":0,"107":0,"108":0,"109":0,"110":0,"111":0,"112":0,"113":0,"114":0,"115":0,"116":0,"117":0,"118":0,"119":0,"120":0,"121":0,"122":0,"123":0,"124":0,"125":0,"126":0,"127":0,"128":0,"129":0,"130":0,"131":0,"132":0,"133":0,"134":0,"135":0,"136":0,"137":0,"138":0,"139":0,"140":0,"141":0,"142":0,"143":0,"144":0,"145":1,"146":1,"147":0},"f":{"0":0,"1":0,"2":0,"3":0,"4":0,"5":0,"6":0,"7":0,"8":0,"9":0,"10":0,"11":0,"12":0,"13":0,"14":0,"15":0,"16":0,"17":0,"18":0,"19":0,"20":0,"21":0,"22":0,"23":0,"24":0,"25":0,"26":0,"27":0,"28":0,"29":0,"30":0,"31":0},"b":{"0":[0,0],"1":[0,0],"2":[0,0],"3":[0,0],"4":[0,0],"5":[0,0,0,0],"6":[0,0],"7":[0,0,0,0],"8":[0,0],"9":[0,0,0,0],"10":[0,0],"11":[0,0],"12":[0,0],"13":[0,0],"14":[0,0],"15":[0,0],"16":[0,0],"17":[0,0],"18":[0,0],"19":[0,0],"20":[0,0],"21":[0,0],"22":[0,0,0,0],"23":[0,0],"24":[0,0],"25":[0,0],"26":[0,0],"27":[0,0],"28":[0,0]}}
,"/Users/yamaurakazuki/Work/ConnectJS/src/component/Base/IOs/IO.tsx": {"path":"/Users/yamaurakazuki/Work/ConnectJS/src/component/Base/IOs/IO.tsx","statementMap":{"0":{"start":{"line":1,"column":0},"end":{"line":1,"column":71}},"1":{"start":{"line":3,"column":0},"end":{"line":3,"column":47}},"2":{"start":{"line":5,"column":0},"end":{"line":5,"column":45}},"3":{"start":{"line":18,"column":11},"end":{"line":49,"column":2}},"4":{"start":{"line":19,"column":14},"end":{"line":19,"column":58}},"5":{"start":{"line":20,"column":31},"end":{"line":20,"column":91}},"6":{"start":{"line":20,"column":72},"end":{"line":20,"column":91}},"7":{"start":{"line":21,"column":17},"end":{"line":29,"column":3}},"8":{"start":{"line":22,"column":4},"end":{"line":22,"column":49}},"9":{"start":{"line":22,"column":30},"end":{"line":22,"column":49}},"10":{"start":{"line":23,"column":18},"end":{"line":23,"column":29}},"11":{"start":{"line":24,"column":22},"end":{"line":24,"column":51}},"12":{"start":{"line":25,"column":4},"end":{"line":28,"column":null}},"13":{"start":{"line":30,"column":2},"end":{"line":32,"column":6}},"14":{"start":{"line":30,"column":33},"end":{"line":32,"column":4}},"15":{"start":{"line":34,"column":2},"end":{"line":48,"column":null}},"16":{"start":{"line":51,"column":0},"end":{"line":51,"column":18}}},"fnMap":{"0":{"name":"(anonymous_1)","decl":{"start":{"line":18,"column":38},"end":{"line":18,"column":39}},"loc":{"start":{"line":18,"column":54},"end":{"line":49,"column":1}}},"1":{"name":"(anonymous_2)","decl":{"start":{"line":20,"column":31},"end":{"line":20,"column":32}},"loc":{"start":{"line":20,"column":72},"end":{"line":20,"column":91}}},"2":{"name":"(anonymous_3)","decl":{"start":{"line":21,"column":17},"end":{"line":21,"column":20}},"loc":{"start":{"line":21,"column":22},"end":{"line":29,"column":3}}},"3":{"name":"(anonymous_4)","decl":{"start":{"line":30,"column":28},"end":{"line":30,"column":30}},"loc":{"start":{"line":30,"column":33},"end":{"line":32,"column":4}}}},"branchMap":{"0":{"loc":{"start":{"line":22,"column":4},"end":{"line":22,"column":49}},"type":"if","locations":[{"start":{"line":22,"column":4},"end":{"line":22,"column":49}},{"start":{"line":22,"column":4},"end":{"line":22,"column":49}}]},"1":{"loc":{"start":{"line":35,"column":59},"end":{"line":35,"column":71}},"type":"cond-expr","locations":[{"start":{"line":35,"column":59},"end":{"line":35,"column":71}},{"start":{"line":35,"column":74},"end":{"line":35,"column":76}}]}},"s":{"0":1,"1":1,"2":1,"3":1,"4":0,"5":0,"6":0,"7":0,"8":0,"9":0,"10":0,"11":0,"12":0,"13":0,"14":0,"15":0,"16":1},"f":{"0":0,"1":0,"2":0,"3":0},"b":{"0":[0,0],"1":[0,0]}}
,"/Users/yamaurakazuki/Work/ConnectJS/src/component/Base/IOs/index.tsx": {"path":"/Users/yamaurakazuki/Work/ConnectJS/src/component/Base/IOs/index.tsx","statementMap":{"0":{"start":{"line":1,"column":0},"end":{"line":1,"column":63}},"1":{"start":{"line":3,"column":0},"end":{"line":3,"column":48}},"2":{"start":{"line":4,"column":0},"end":{"line":4,"column":35}},"3":{"start":{"line":6,"column":0},"end":{"line":6,"column":66}},"4":{"start":{"line":7,"column":0},"end":{"line":7,"column":42}},"5":{"start":{"line":22,"column":12},"end":{"line":73,"column":2}},"6":{"start":{"line":23,"column":22},"end":{"line":23,"column":55}},"7":{"start":{"line":24,"column":17},"end":{"line":24,"column":83}},"8":{"start":{"line":25,"column":23},"end":{"line":25,"column":57}},"9":{"start":{"line":26,"column":18},"end":{"line":26,"column":86}},"10":{"start":{"line":28,"column":22},"end":{"line":33,"column":3}},"11":{"start":{"line":29,"column":20},"end":{"line":29,"column":46}},"12":{"start":{"line":30,"column":14},"end":{"line":30,"column":35}},"13":{"start":{"line":31,"column":4},"end":{"line":31,"column":55}},"14":{"start":{"line":31,"column":16},"end":{"line":31,"column":55}},"15":{"start":{"line":32,"column":4},"end":{"line":32,"column":24}},"16":{"start":{"line":34,"column":25},"end":{"line":39,"column":3}},"17":{"start":{"line":35,"column":20},"end":{"line":35,"column":46}},"18":{"start":{"line":36,"column":26},"end":{"line":36,"column":28}},"19":{"start":{"line":37,"column":4},"end":{"line":37,"column":59}},"20":{"start":{"line":37,"column":24},"end":{"line":37,"column":57}},"21":{"start":{"line":38,"column":4},"end":{"line":38,"column":15}},"22":{"start":{"line":40,"column":2},"end":{"line":43,"column":6}},"23":{"start":{"line":40,"column":33},"end":{"line":43,"column":4}},"24":{"start":{"line":45,"column":2},"end":{"line":72,"column":null}},"25":{"start":{"line":49,"column":29},"end":{"line":55,"column":null}},"26":{"start":{"line":56,"column":10},"end":{"line":56,"column":null}},"27":{"start":{"line":61,"column":30},"end":{"line":67,"column":null}},"28":{"start":{"line":68,"column":10},"end":{"line":68,"column":null}},"29":{"start":{"line":75,"column":0},"end":{"line":75,"column":19}}},"fnMap":{"0":{"name":"(anonymous_7)","decl":{"start":{"line":22,"column":39},"end":{"line":22,"column":40}},"loc":{"start":{"line":22,"column":55},"end":{"line":73,"column":1}}},"1":{"name":"(anonymous_8)","decl":{"start":{"line":28,"column":22},"end":{"line":28,"column":23}},"loc":{"start":{"line":28,"column":55},"end":{"line":33,"column":3}}},"2":{"name":"(anonymous_9)","decl":{"start":{"line":34,"column":25},"end":{"line":34,"column":26}},"loc":{"start":{"line":34,"column":46},"end":{"line":39,"column":3}}},"3":{"name":"(anonymous_10)","decl":{"start":{"line":37,"column":20},"end":{"line":37,"column":21}},"loc":{"start":{"line":37,"column":23},"end":{"line":37,"column":57}}},"4":{"name":"(anonymous_11)","decl":{"start":{"line":40,"column":28},"end":{"line":40,"column":30}},"loc":{"start":{"line":40,"column":33},"end":{"line":43,"column":4}}},"5":{"name":"(anonymous_12)","decl":{"start":{"line":48,"column":20},"end":{"line":48,"column":21}},"loc":{"start":{"line":48,"column":28},"end":{"line":57,"column":9}}},"6":{"name":"(anonymous_13)","decl":{"start":{"line":60,"column":21},"end":{"line":60,"column":22}},"loc":{"start":{"line":60,"column":29},"end":{"line":69,"column":9}}}},"branchMap":{"0":{"loc":{"start":{"line":29,"column":30},"end":{"line":29,"column":36}},"type":"cond-expr","locations":[{"start":{"line":29,"column":30},"end":{"line":29,"column":36}},{"start":{"line":29,"column":39},"end":{"line":29,"column":46}}]},"1":{"loc":{"start":{"line":31,"column":4},"end":{"line":31,"column":55}},"type":"if","locations":[{"start":{"line":31,"column":4},"end":{"line":31,"column":55}},{"start":{"line":31,"column":4},"end":{"line":31,"column":55}}]},"2":{"loc":{"start":{"line":35,"column":30},"end":{"line":35,"column":36}},"type":"cond-expr","locations":[{"start":{"line":35,"column":30},"end":{"line":35,"column":36}},{"start":{"line":35,"column":39},"end":{"line":35,"column":46}}]}},"s":{"0":1,"1":1,"2":1,"3":1,"4":1,"5":1,"6":0,"7":0,"8":0,"9":0,"10":0,"11":0,"12":0,"13":0,"14":0,"15":0,"16":0,"17":0,"18":0,"19":0,"20":0,"21":0,"22":0,"23":0,"24":0,"25":0,"26":0,"27":0,"28":0,"29":1},"f":{"0":0,"1":0,"2":0,"3":0,"4":0,"5":0,"6":0},"b":{"0":[0,0],"1":[0,0],"2":[0,0]}}
,"/Users/yamaurakazuki/Work/ConnectJS/src/component/atom/NameBox.tsx": {"path":"/Users/yamaurakazuki/Work/ConnectJS/src/component/atom/NameBox.tsx","statementMap":{"0":{"start":{"line":1,"column":0},"end":{"line":1,"column":51}},"1":{"start":{"line":2,"column":0},"end":{"line":2,"column":45}},"2":{"start":{"line":14,"column":33},"end":{"line":62,"column":1}},"3":{"start":{"line":15,"column":12},"end":{"line":15,"column":48}},"4":{"start":{"line":16,"column":26},"end":{"line":16,"column":46}},"5":{"start":{"line":17,"column":38},"end":{"line":17,"column":53}},"6":{"start":{"line":18,"column":27},"end":{"line":25,"column":3}},"7":{"start":{"line":19,"column":4},"end":{"line":24,"column":null}},"8":{"start":{"line":20,"column":6},"end":{"line":23,"column":null}},"9":{"start":{"line":21,"column":8},"end":{"line":21,"column":27}},"10":{"start":{"line":22,"column":8},"end":{"line":22,"column":29}},"11":{"start":{"line":26,"column":21},"end":{"line":33,"column":3}},"12":{"start":{"line":27,"column":4},"end":{"line":27,"column":37}},"13":{"start":{"line":27,"column":30},"end":{"line":27,"column":37}},"14":{"start":{"line":28,"column":4},"end":{"line":32,"column":null}},"15":{"start":{"line":29,"column":6},"end":{"line":29,"column":54}},"16":{"start":{"line":29,"column":31},"end":{"line":29,"column":54}},"17":{"start":{"line":31,"column":6},"end":{"line":31,"column":37}},"18":{"start":{"line":34,"column":23},"end":{"line":37,"column":3}},"19":{"start":{"line":35,"column":4},"end":{"line":35,"column":24}},"20":{"start":{"line":36,"column":4},"end":{"line":36,"column":28}},"21":{"start":{"line":38,"column":2},"end":{"line":46,"column":null}},"22":{"start":{"line":39,"column":4},"end":{"line":45,"column":null}},"23":{"start":{"line":40,"column":6},"end":{"line":40,"column":37}},"24":{"start":{"line":41,"column":6},"end":{"line":44,"column":null}},"25":{"start":{"line":42,"column":8},"end":{"line":42,"column":28}},"26":{"start":{"line":43,"column":8},"end":{"line":43,"column":27}},"27":{"start":{"line":47,"column":2},"end":{"line":61,"column":null}},"28":{"start":{"line":64,"column":0},"end":{"line":64,"column":23}}},"fnMap":{"0":{"name":"(anonymous_7)","decl":{"start":{"line":14,"column":33},"end":{"line":14,"column":38}},"loc":{"start":{"line":14,"column":41},"end":{"line":62,"column":1}}},"1":{"name":"(anonymous_8)","decl":{"start":{"line":18,"column":27},"end":{"line":18,"column":28}},"loc":{"start":{"line":18,"column":72},"end":{"line":25,"column":3}}},"2":{"name":"(anonymous_9)","decl":{"start":{"line":26,"column":21},"end":{"line":26,"column":24}},"loc":{"start":{"line":26,"column":26},"end":{"line":33,"column":3}}},"3":{"name":"(anonymous_10)","decl":{"start":{"line":34,"column":23},"end":{"line":34,"column":24}},"loc":{"start":{"line":34,"column":66},"end":{"line":37,"column":3}}},"4":{"name":"(anonymous_11)","decl":{"start":{"line":38,"column":12},"end":{"line":38,"column":14}},"loc":{"start":{"line":38,"column":16},"end":{"line":46,"column":3}}}},"branchMap":{"0":{"loc":{"start":{"line":19,"column":4},"end":{"line":24,"column":null}},"type":"if","locations":[{"start":{"line":19,"column":4},"end":{"line":24,"column":null}},{"start":{"line":19,"column":4},"end":{"line":24,"column":null}}]},"1":{"loc":{"start":{"line":20,"column":6},"end":{"line":23,"column":null}},"type":"if","locations":[{"start":{"line":20,"column":6},"end":{"line":23,"column":null}},{"start":{"line":20,"column":6},"end":{"line":23,"column":null}}]},"2":{"loc":{"start":{"line":27,"column":4},"end":{"line":27,"column":37}},"type":"if","locations":[{"start":{"line":27,"column":4},"end":{"line":27,"column":37}},{"start":{"line":27,"column":4},"end":{"line":27,"column":37}}]},"3":{"loc":{"start":{"line":28,"column":4},"end":{"line":32,"column":null}},"type":"if","locations":[{"start":{"line":28,"column":4},"end":{"line":32,"column":null}},{"start":{"line":28,"column":4},"end":{"line":32,"column":null}}]},"4":{"loc":{"start":{"line":29,"column":6},"end":{"line":29,"column":54}},"type":"if","locations":[{"start":{"line":29,"column":6},"end":{"line":29,"column":54}},{"start":{"line":29,"column":6},"end":{"line":29,"column":54}}]},"5":{"loc":{"start":{"line":39,"column":4},"end":{"line":45,"column":null}},"type":"if","locations":[{"start":{"line":39,"column":4},"end":{"line":45,"column":null}},{"start":{"line":39,"column":4},"end":{"line":45,"column":null}}]},"6":{"loc":{"start":{"line":41,"column":6},"end":{"line":44,"column":null}},"type":"if","locations":[{"start":{"line":41,"column":6},"end":{"line":44,"column":null}},{"start":{"line":41,"column":6},"end":{"line":44,"column":null}}]}},"s":{"0":1,"1":1,"2":1,"3":0,"4":0,"5":0,"6":0,"7":0,"8":0,"9":0,"10":0,"11":0,"12":0,"13":0,"14":0,"15":0,"16":0,"17":0,"18":0,"19":0,"20":0,"21":0,"22":0,"23":0,"24":0,"25":0,"26":0,"27":0,"28":1},"f":{"0":0,"1":0,"2":0,"3":0,"4":0},"b":{"0":[0,0],"1":[0,0],"2":[0,0],"3":[0,0],"4":[0,0],"5":[0,0],"6":[0,0]}}
,"/Users/yamaurakazuki/Work/ConnectJS/src/store/node/actionTypes.ts": {"path":"/Users/yamaurakazuki/Work/ConnectJS/src/store/node/actionTypes.ts","statementMap":{"0":{"start":{"line":5,"column":13},"end":{"line":29,"column":11}}},"fnMap":{},"branchMap":{},"s":{"0":2},"f":{},"b":{}}
,"/Users/yamaurakazuki/Work/ConnectJS/src/store/node/actions.ts": {"path":"/Users/yamaurakazuki/Work/ConnectJS/src/store/node/actions.ts","statementMap":{"0":{"start":{"line":1,"column":0},"end":{"line":1,"column":52}},"1":{"start":{"line":5,"column":25},"end":{"line":8,"column":2}},"2":{"start":{"line":5,"column":54},"end":{"line":8,"column":2}},"3":{"start":{"line":5,"column":13},"end":{"line":5,"column":25}},"4":{"start":{"line":9,"column":28},"end":{"line":12,"column":2}},"5":{"start":{"line":9,"column":57},"end":{"line":12,"column":2}},"6":{"start":{"line":9,"column":13},"end":{"line":9,"column":28}},"7":{"start":{"line":14,"column":28},"end":{"line":17,"column":2}},"8":{"start":{"line":14,"column":57},"end":{"line":17,"column":2}},"9":{"start":{"line":14,"column":13},"end":{"line":14,"column":28}},"10":{"start":{"line":18,"column":32},"end":{"line":21,"column":2}},"11":{"start":{"line":18,"column":71},"end":{"line":21,"column":2}},"12":{"start":{"line":18,"column":13},"end":{"line":18,"column":32}},"13":{"start":{"line":22,"column":32},"end":{"line":25,"column":2}},"14":{"start":{"line":22,"column":88},"end":{"line":25,"column":2}},"15":{"start":{"line":22,"column":13},"end":{"line":22,"column":32}},"16":{"start":{"line":26,"column":31},"end":{"line":29,"column":2}},"17":{"start":{"line":26,"column":83},"end":{"line":29,"column":2}},"18":{"start":{"line":26,"column":13},"end":{"line":26,"column":31}},"19":{"start":{"line":30,"column":31},"end":{"line":33,"column":2}},"20":{"start":{"line":30,"column":94},"end":{"line":33,"column":2}},"21":{"start":{"line":30,"column":13},"end":{"line":30,"column":31}},"22":{"start":{"line":34,"column":34},"end":{"line":37,"column":2}},"23":{"start":{"line":34,"column":93},"end":{"line":37,"column":2}},"24":{"start":{"line":34,"column":13},"end":{"line":34,"column":34}},"25":{"start":{"line":38,"column":26},"end":{"line":38,"column":69}},"26":{"start":{"line":38,"column":41},"end":{"line":38,"column":68}},"27":{"start":{"line":38,"column":13},"end":{"line":38,"column":26}},"28":{"start":{"line":39,"column":26},"end":{"line":39,"column":69}},"29":{"start":{"line":39,"column":41},"end":{"line":39,"column":68}},"30":{"start":{"line":39,"column":13},"end":{"line":39,"column":26}},"31":{"start":{"line":40,"column":26},"end":{"line":43,"column":2}},"32":{"start":{"line":40,"column":58},"end":{"line":43,"column":2}},"33":{"start":{"line":40,"column":13},"end":{"line":40,"column":26}},"34":{"start":{"line":45,"column":28},"end":{"line":45,"column":73}},"35":{"start":{"line":45,"column":43},"end":{"line":45,"column":72}},"36":{"start":{"line":45,"column":13},"end":{"line":45,"column":28}},"37":{"start":{"line":46,"column":29},"end":{"line":46,"column":75}},"38":{"start":{"line":46,"column":44},"end":{"line":46,"column":74}},"39":{"start":{"line":46,"column":13},"end":{"line":46,"column":29}},"40":{"start":{"line":47,"column":30},"end":{"line":47,"column":77}},"41":{"start":{"line":47,"column":45},"end":{"line":47,"column":76}},"42":{"start":{"line":47,"column":13},"end":{"line":47,"column":30}},"43":{"start":{"line":48,"column":27},"end":{"line":51,"column":2}},"44":{"start":{"line":48,"column":59},"end":{"line":51,"column":2}},"45":{"start":{"line":48,"column":13},"end":{"line":48,"column":27}},"46":{"start":{"line":53,"column":35},"end":{"line":56,"column":2}},"47":{"start":{"line":53,"column":71},"end":{"line":56,"column":2}},"48":{"start":{"line":53,"column":13},"end":{"line":53,"column":35}},"49":{"start":{"line":57,"column":38},"end":{"line":60,"column":2}},"50":{"start":{"line":57,"column":74},"end":{"line":60,"column":2}},"51":{"start":{"line":57,"column":13},"end":{"line":57,"column":38}},"52":{"start":{"line":61,"column":42},"end":{"line":64,"column":2}},"53":{"start":{"line":61,"column":83},"end":{"line":64,"column":2}},"54":{"start":{"line":61,"column":13},"end":{"line":61,"column":42}},"55":{"start":{"line":65,"column":41},"end":{"line":68,"column":2}},"56":{"start":{"line":65,"column":88},"end":{"line":68,"column":2}},"57":{"start":{"line":65,"column":13},"end":{"line":65,"column":41}},"58":{"start":{"line":69,"column":38},"end":{"line":72,"column":2}},"59":{"start":{"line":69,"column":63},"end":{"line":72,"column":2}},"60":{"start":{"line":69,"column":13},"end":{"line":69,"column":38}}},"fnMap":{"0":{"name":"(anonymous_0)","decl":{"start":{"line":5,"column":25},"end":{"line":5,"column":26}},"loc":{"start":{"line":5,"column":54},"end":{"line":8,"column":2}}},"1":{"name":"(anonymous_1)","decl":{"start":{"line":9,"column":28},"end":{"line":9,"column":29}},"loc":{"start":{"line":9,"column":57},"end":{"line":12,"column":2}}},"2":{"name":"(anonymous_2)","decl":{"start":{"line":14,"column":28},"end":{"line":14,"column":29}},"loc":{"start":{"line":14,"column":57},"end":{"line":17,"column":2}}},"3":{"name":"(anonymous_3)","decl":{"start":{"line":18,"column":32},"end":{"line":18,"column":33}},"loc":{"start":{"line":18,"column":71},"end":{"line":21,"column":2}}},"4":{"name":"(anonymous_4)","decl":{"start":{"line":22,"column":32},"end":{"line":22,"column":33}},"loc":{"start":{"line":22,"column":88},"end":{"line":25,"column":2}}},"5":{"name":"(anonymous_5)","decl":{"start":{"line":26,"column":31},"end":{"line":26,"column":32}},"loc":{"start":{"line":26,"column":83},"end":{"line":29,"column":2}}},"6":{"name":"(anonymous_6)","decl":{"start":{"line":30,"column":31},"end":{"line":30,"column":32}},"loc":{"start":{"line":30,"column":94},"end":{"line":33,"column":2}}},"7":{"name":"(anonymous_7)","decl":{"start":{"line":34,"column":34},"end":{"line":34,"column":35}},"loc":{"start":{"line":34,"column":93},"end":{"line":37,"column":2}}},"8":{"name":"(anonymous_8)","decl":{"start":{"line":38,"column":26},"end":{"line":38,"column":37}},"loc":{"start":{"line":38,"column":41},"end":{"line":38,"column":68}}},"9":{"name":"(anonymous_9)","decl":{"start":{"line":39,"column":26},"end":{"line":39,"column":37}},"loc":{"start":{"line":39,"column":41},"end":{"line":39,"column":68}}},"10":{"name":"(anonymous_10)","decl":{"start":{"line":40,"column":26},"end":{"line":40,"column":27}},"loc":{"start":{"line":40,"column":58},"end":{"line":43,"column":2}}},"11":{"name":"(anonymous_11)","decl":{"start":{"line":45,"column":28},"end":{"line":45,"column":39}},"loc":{"start":{"line":45,"column":43},"end":{"line":45,"column":72}}},"12":{"name":"(anonymous_12)","decl":{"start":{"line":46,"column":29},"end":{"line":46,"column":40}},"loc":{"start":{"line":46,"column":44},"end":{"line":46,"column":74}}},"13":{"name":"(anonymous_13)","decl":{"start":{"line":47,"column":30},"end":{"line":47,"column":41}},"loc":{"start":{"line":47,"column":45},"end":{"line":47,"column":76}}},"14":{"name":"(anonymous_14)","decl":{"start":{"line":48,"column":27},"end":{"line":48,"column":28}},"loc":{"start":{"line":48,"column":59},"end":{"line":51,"column":2}}},"15":{"name":"(anonymous_15)","decl":{"start":{"line":53,"column":35},"end":{"line":53,"column":36}},"loc":{"start":{"line":53,"column":71},"end":{"line":56,"column":2}}},"16":{"name":"(anonymous_16)","decl":{"start":{"line":57,"column":38},"end":{"line":57,"column":39}},"loc":{"start":{"line":57,"column":74},"end":{"line":60,"column":2}}},"17":{"name":"(anonymous_17)","decl":{"start":{"line":61,"column":42},"end":{"line":61,"column":43}},"loc":{"start":{"line":61,"column":83},"end":{"line":64,"column":2}}},"18":{"name":"(anonymous_18)","decl":{"start":{"line":65,"column":41},"end":{"line":65,"column":42}},"loc":{"start":{"line":65,"column":88},"end":{"line":68,"column":2}}},"19":{"name":"(anonymous_19)","decl":{"start":{"line":69,"column":38},"end":{"line":69,"column":39}},"loc":{"start":{"line":69,"column":63},"end":{"line":72,"column":2}}}},"branchMap":{},"s":{"0":2,"1":2,"2":0,"3":2,"4":2,"5":0,"6":2,"7":2,"8":0,"9":2,"10":2,"11":0,"12":2,"13":2,"
[...]
,"/Users/yamaurakazuki/Work/ConnectJS/src/style/Base/Main.scss": {"path":"/Users/yamaurakazuki/Work/ConnectJS/src/style/Base/Main.scss","statementMap":{"0":{"start":{"line":1,"column":13},"end":{"line":1,"column":28}},"1":{"start":{"line":3,"column":4},"end":{"line":24,"column":5}},"2":{"start":{"line":4,"column":8},"end":{"line":6,"column":11}},"3":{"start":{"line":7,"column":8},"end":{"line":18,"column":11}},"4":{"start":{"line":9,"column":16},"end":{"line":11,"column":17}},"5":{"start":{"line":10,"column":20},"end":{"line":10,"column":34}},"6":{"start":{"line":12,"column":16},"end":{"line":12,"column":36}},"7":{"start":{"line":16,"column":16},"end":{"line":16,"column":30}},"8":{"start":{"line":20,"column":8},"end":{"line":22,"column":11}},"9":{"start":{"line":23,"column":8},"end":{"line":23,"column":31}}},"fnMap":{"0":{"name":"(anonymous_0)","decl":{"start":{"line":8,"column":12},"end":{"line":8,"column":13}},"loc":{"start":{"line":8,"column":30},"end":{"line":13,"column":13}},"line":8},"1":{"name":"(anonymous_1)","decl":{"start":{"line":15,"column":12},"end":{"line":15,"column":13}},"loc":{"start":{"line":15,"column":29},"end":{"line":17,"column":13}},"line":15}},"branchMap":{"0":{"loc":{"start":{"line":3,"column":4},"end":{"line":24,"column":5}},"type":"if","locations":[{"start":{"line":3,"column":4},"end":{"line":24,"column":5}},{"start":{"line":3,"column":4},"end":{"line":24,"column":5}}],"line":3},"1":{"loc":{"start":{"line":3,"column":8},"end":{"line":3,"column":44}},"type":"binary-expr","locations":[{"start":{"line":3,"column":8},"end":{"line":3,"column":34}},{"start":{"line":3,"column":38},"end":{"line":3,"column":44}}],"line":3},"2":{"loc":{"start":{"line":9,"column":16},"end":{"line":11,"column":17}},"type":"if","locations":[{"start":{"line":9,"column":16},"end":{"line":11,"column":17}},{"start":{"line":9,"column":16},"end":{"line":11,"column":17}}],"line":9}},"s":{"0":1,"1":1,"2":1,"3":1,"4":1,"5":0,"6":1,"7":0,"8":0,"9":0},"f":{"0":1,"1":0},"b":{"0":[1,0],"1":[1,1],"2":[0,1]},"inputSourceMap":null,"_coverageSchema":"1a1c01bbd47fc00a2c39e90264f33305004495a9","hash":"b757d99a946167aa03af16640f1af3ebe6d29b12"}
,"/Users/yamaurakazuki/Work/ConnectJS/src/style/Base/IOs/IO.scss": {"path":"/Users/yamaurakazuki/Work/ConnectJS/src/style/Base/IOs/IO.scss","statementMap":{"0":{"start":{"line":1,"column":13},"end":{"line":1,"column":130}},"1":{"start":{"line":3,"column":4},"end":{"line":24,"column":5}},"2":{"start":{"line":4,"column":8},"end":{"line":6,"column":11}},"3":{"start":{"line":7,"column":8},"end":{"line":18,"column":11}},"4":{"start":{"line":9,"column":16},"end":{"line":11,"column":17}},"5":{"start":{"line":10,"column":20},"end":{"line":10,"column":34}},"6":{"start":{"line":12,"column":16},"end":{"line":12,"column":36}},"7":{"start":{"line":16,"column":16},"end":{"line":16,"column":30}},"8":{"start":{"line":20,"column":8},"end":{"line":22,"column":11}},"9":{"start":{"line":23,"column":8},"end":{"line":23,"column":31}}},"fnMap":{"0":{"name":"(anonymous_0)","decl":{"start":{"line":8,"column":12},"end":{"line":8,"column":13}},"loc":{"start":{"line":8,"column":30},"end":{"line":13,"column":13}},"line":8},"1":{"name":"(anonymous_1)","decl":{"start":{"line":15,"column":12},"end":{"line":15,"column":13}},"loc":{"start":{"line":15,"column":29},"end":{"line":17,"column":13}},"line":15}},"branchMap":{"0":{"loc":{"start":{"line":3,"column":4},"end":{"line":24,"column":5}},"type":"if","locations":[{"start":{"line":3,"column":4},"end":{"line":24,"column":5}},{"start":{"line":3,"column":4},"end":{"line":24,"column":5}}],"line":3},"1":{"loc":{"start":{"line":3,"column":8},"end":{"line":3,"column":44}},"type":"binary-expr","locations":[{"start":{"line":3,"column":8},"end":{"line":3,"column":34}},{"start":{"line":3,"column":38},"end":{"line":3,"column":44}}],"line":3},"2":{"loc":{"start":{"line":9,"column":16},"end":{"line":11,"column":17}},"type":"if","locations":[{"start":{"line":9,"column":16},"end":{"line":11,"column":17}},{"start":{"line":9,"column":16},"end":{"line":11,"column":17}}],"line":9}},"s":{"0":1,"1":1,"2":1,"3":1,"4":1,"5":0,"6":1,"7":0,"8":0,"9":0},"f":{"0":1,"1":0},"b":{"0":[1,0],"1":[1,1],"2":[0,1]},"inputSourceMap":null,"_coverageSchema":"1a1c01bbd47fc00a2c39e90264f33305004495a9","hash":"6cebc4e6acffa41049ea1686fadeab8026f9ae0f"}
,"/Users/yamaurakazuki/Work/ConnectJS/src/style/atom/NameBox.css": {"path":"/Users/yamaurakazuki/Work/ConnectJS/src/style/atom/NameBox.css","statementMap":{"0":{"start":{"line":1,"column":13},"end":{"line":1,"column":34}},"1":{"start":{"line":3,"column":4},"end":{"line":24,"column":5}},"2":{"start":{"line":4,"column":8},"end":{"line":6,"column":11}},"3":{"start":{"line":7,"column":8},"end":{"line":18,"column":11}},"4":{"start":{"line":9,"column":16},"end":{"line":11,"column":17}},"5":{"start":{"line":10,"column":20},"end":{"line":10,"column":34}},"6":{"start":{"line":12,"column":16},"end":{"line":12,"column":36}},"7":{"start":{"line":16,"column":16},"end":{"line":16,"column":30}},"8":{"start":{"line":20,"column":8},"end":{"line":22,"column":11}},"9":{"start":{"line":23,"column":8},"end":{"line":23,"column":31}}},"fnMap":{"0":{"name":"(anonymous_0)","decl":{"start":{"line":8,"column":12},"end":{"line":8,"column":13}},"loc":{"start":{"line":8,"column":30},"end":{"line":13,"column":13}},"line":8},"1":{"name":"(anonymous_1)","decl":{"start":{"line":15,"column":12},"end":{"line":15,"column":13}},"loc":{"start":{"line":15,"column":29},"end":{"line":17,"column":13}},"line":15}},"branchMap":{"0":{"loc":{"start":{"line":3,"column":4},"end":{"line":24,"column":5}},"type":"if","locations":[{"start":{"line":3,"column":4},"end":{"line":24,"column":5}},{"start":{"line":3,"column":4},"end":{"line":24,"column":5}}],"line":3},"1":{"loc":{"start":{"line":3,"column":8},"end":{"line":3,"column":44}},"type":"binary-expr","locations":[{"start":{"line":3,"column":8},"end":{"line":3,"column":34}},{"start":{"line":3,"column":38},"end":{"line":3,"column":44}}],"line":3},"2":{"loc":{"start":{"line":9,"column":16},"end":{"line":11,"column":17}},"type":"if","locations":[{"start":{"line":9,"column":16},"end":{"line":11,"column":17}},{"start":{"line":9,"column":16},"end":{"line":11,"column":17}}],"line":9}},"s":{"0":1,"1":1,"2":1,"3":1,"4":1,"5":0,"6":1,"7":0,"8":0,"9":0},"f":{"0":1,"1":0},"b":{"0":[1,0],"1":[1,1],"2":[0,1]},"inputSourceMap":null,"_coverageSchema":"1a1c01bbd47fc00a2c39e90264f33305004495a9","hash":"22f0d886fd7091559382be755b3383a1d5a8188a"}
,"/Users/yamaurakazuki/Work/ConnectJS/src/utils/actions.ts": {"path":"/Users/yamaurakazuki/Work/ConnectJS/src/utils/actions.ts","statementMap":{"0":{"start":{"line":2,"column":0},"end":{"line":2,"column":170}},"1":{"start":{"line":4,"column":0},"end":{"line":4,"column":57}},"2":{"start":{"line":7,"column":36},"end":{"line":19,"column":2}},"3":{"start":{"line":7,"column":46},"end":{"line":19,"column":2}},"4":{"start":{"line":7,"column":13},"end":{"line":7,"column":36}},"5":{"start":{"line":22,"column":42},"end":{"line":25,"column":2}},"6":{"start":{"line":22,"column":56},"end":{"line":25,"column":2}},"7":{"start":{"line":24,"column":19},"end":{"line":24,"column":46}},"8":{"start":{"line":22,"column":13},"end":{"line":22,"column":42}},"9":{"start":{"line":28,"column":56},"end":{"line":31,"column":2}},"10":{"start":{"line":28,"column":90},"end":{"line":31,"column":2}},"11":{"start":{"line":28,"column":13},"end":{"line":28,"column":56}}},"fnMap":{"0":{"name":"(anonymous_0)","decl":{"start":{"line":7,"column":36},"end":{"line":7,"column":37}},"loc":{"start":{"line":7,"column":46},"end":{"line":19,"column":2}}},"1":{"name":"(anonymous_1)","decl":{"start":{"line":22,"column":42},"end":{"line":22,"column":43}},"loc":{"start":{"line":22,"column":56},"end":{"line":25,"column":2}}},"2":{"name":"(anonymous_2)","decl":{"start":{"line":24,"column":14},"end":{"line":24,"column":17}},"loc":{"start":{"line":24,"column":19},"end":{"line":24,"column":46}}},"3":{"name":"(anonymous_3)","decl":{"start":{"line":28,"column":56},"end":{"line":28,"column":57}},"loc":{"start":{"line":28,"column":90},"end":{"line":31,"column":2}}}},"branchMap":{},"s":{"0":2,"1":2,"2":2,"3":0,"4":2,"5":2,"6":0,"7":0,"8":2,"9":2,"10":0,"11":2},"f":{"0":0,"1":0,"2":0,"3":0},"b":{}}
,"/Users/yamaurakazuki/Work/ConnectJS/src/utils/index.ts": {"path":"/Users/yamaurakazuki/Work/ConnectJS/src/utils/index.ts","statementMap":{"0":{"start":{"line":1,"column":42},"end":{"line":1,"column":83}},"1":{"start":{"line":1,"column":58},"end":{"line":1,"column":83}},"2":{"start":{"line":1,"column":13},"end":{"line":1,"column":42}},"3":{"start":{"line":2,"column":18},"end":{"line":2,"column":50}},"4":{"start":{"line":2,"column":42},"end":{"line":2,"column":50}},"5":{"start":{"line":2,"column":13},"end":{"line":2,"column":18}},"6":{"start":{"line":7,"column":24},"end":{"line":14,"column":1}},"7":{"start":{"line":8,"column":10},"end":{"line":8,"column":12}},"8":{"start":{"line":9,"column":2},"end":{"line":12,"column":null}},"9":{"start":{"line":10,"column":4},"end":{"line":10,"column":8}},"10":{"start":{"line":11,"column":4},"end":{"line":11,"column":38}},"11":{"start":{"line":11,"column":29},"end":{"line":11,"column":38}},"12":{"start":{"line":13,"column":2},"end":{"line":13,"column":12}},"13":{"start":{"line":7,"column":13},"end":{"line":7,"column":24}}},"fnMap":{"0":{"name":"(anonymous_0)","decl":{"start":{"line":1,"column":42},"end":{"line":1,"column":43}},"loc":{"start":{"line":1,"column":58},"end":{"line":1,"column":83}}},"1":{"name":"(anonymous_1)","decl":{"start":{"line":2,"column":18},"end":{"line":2,"column":19}},"loc":{"start":{"line":2,"column":42},"end":{"line":2,"column":50}}},"2":{"name":"(anonymous_2)","decl":{"start":{"line":7,"column":24},"end":{"line":7,"column":25}},"loc":{"start":{"line":7,"column":60},"end":{"line":14,"column":1}}}},"branchMap":{"0":{"loc":{"start":{"line":11,"column":4},"end":{"line":11,"column":38}},"type":"if","locations":[{"start":{"line":11,"column":4},"end":{"line":11,"column":38}},{"start":{"line":11,"column":4},"end":{"line":11,"column":38}}]}},"s":{"0":1,"1":0,"2":1,"3":1,"4":0,"5":1,"6":1,"7":0,"8":0,"9":0,"10":0,"11":0,"12":0,"13":1},"f":{"0":0,"1":0,"2":0},"b":{"0":[0,0]}}
,"/Users/yamaurakazuki/Work/ConnectJS/src/utils/useIdRef.ts": {"path":"/Users/yamaurakazuki/Work/ConnectJS/src/utils/useIdRef.ts","statementMap":{"0":{"start":{"line":1,"column":0},"end":{"line":1,"column":62}},"1":{"start":{"line":2,"column":0},"end":{"line":2,"column":41}},"2":{"start":{"line":7,"column":30},"end":{"line":7,"column":62}},"3":{"start":{"line":8,"column":2},"end":{"line":26,"column":19}},"4":{"start":{"line":9,"column":20},"end":{"line":9,"column":31}},"5":{"start":{"line":10,"column":21},"end":{"line":10,"column":26}},"6":{"start":{"line":11,"column":4},"end":{"line":17,"column":null}},"7":{"start":{"line":12,"column":16},"end":{"line":12,"column":42}},"8":{"start":{"line":13,"column":6},"end":{"line":16,"column":null}},"9":{"start":{"line":14,"column":8},"end":{"line":14,"column":26}},"10":{"start":{"line":15,"column":8},"end":{"line":15,"column":84}},"11":{"start":{"line":18,"column":4},"end":{"line":24,"column":null}},"12":{"start":{"line":19,"column":16},"end":{"line":19,"column":43}},"13":{"start":{"line":20,"column":6},"end":{"line":23,"column":null}},"14":{"start":{"line":21,"column":8},"end":{"line":21,"column":26}},"15":{"start":{"line":22,"column":8},"end":{"line":22,"column":62}},"16":{"start":{"line":22,"column":44},"end":{"line":22,"column":60}},"17":{"start":{"line":25,"column":4},"end":{"line":25,"column":41}},"18":{"start":{"line":25,"column":20},"end":{"line":25,"column":41}},"19":{"start":{"line":27,"column":2},"end":{"line":27,"column":16}},"20":{"start":{"line":6,"column":0},"end":{"line":6,"column":24}},"21":{"start":{"line":31,"column":43},"end":{"line":31,"column":136}},"22":{"start":{"line":31,"column":53},"end":{"line":31,"column":136}},"23":{"start":{"line":31,"column":65},"end":{"line":31,"column":87}},"24":{"start":{"line":31,"column":97},"end":{"line":31,"column":134}},"25":{"start":{"line":31,"column":13},"end":{"line":31,"column":43}}},"fnMap":{"0":{"name":"useIdRef","decl":{"start":{"line":6,"column":24},"end":{"line":6,"column":32}},"loc":{"start":{"line":6,"column":60},"end":{"line":28,"column":1}}},"1":{"name":"(anonymous_1)","decl":{"start":{"line":8,"column":12},"end":{"line":8,"column":14}},"loc":{"start":{"line":8,"column":16},"end":{"line":26,"column":3}}},"2":{"name":"(anonymous_2)","decl":{"start":{"line":22,"column":37},"end":{"line":22,"column":42}},"loc":{"start":{"line":22,"column":44},"end":{"line":22,"column":60}}},"3":{"name":"(anonymous_3)","decl":{"start":{"line":31,"column":43},"end":{"line":31,"column":44}},"loc":{"start":{"line":31,"column":53},"end":{"line":31,"column":136}}},"4":{"name":"(anonymous_4)","decl":{"start":{"line":31,"column":62},"end":{"line":31,"column":63}},"loc":{"start":{"line":31,"column":65},"end":{"line":31,"column":87}}},"5":{"name":"(anonymous_5)","decl":{"start":{"line":31,"column":93},"end":{"line":31,"column":94}},"loc":{"start":{"line":31,"column":97},"end":{"line":31,"column":134}}}},"branchMap":{"0":{"loc":{"start":{"line":13,"column":6},"end":{"line":16,"column":null}},"type":"if","locations":[{"start":{"line":13,"column":6},"end":{"line":16,"column":null}},{"start":{"line":13,"column":6},"end":{"line":16,"column":null}}]},"1":{"loc":{"start":{"line":20,"column":6},"end":{"line":23,"column":null}},"type":"if","locations":[{"start":{"line":20,"column":6},"end":{"line":23,"column":null}},{"start":{"line":20,"column":6},"end":{"line":23,"column":null}}]},"2":{"loc":{"start":{"line":25,"column":4},"end":{"line":25,"column":41}},"type":"if","locations":[{"start":{"line":25,"column":4},"end":{"line":25,"column":41}},{"start":{"line":25,"column":4},"end":{"line":25,"column":41}}]}},"s":{"0":1,"1":1,"2":2,"3":2,"4":0,"5":0,"6":0,"7":0,"8":0,"9":0,"10":0,"11":0,"12":0,"13":0,"14":0,"15":0,"16":0,"17":0,"18":0,"19":2,"20":1,"21":1,"22":2,"23":0,"24":0,"25":1},"f":{"0":2,"1":0,"2":0,"3":2,"4":0,"5":0},"b":{"0":[0,0],"1":[0,0],"2":[0,0]}}
,"/Users/yamaurakazuki/Work/ConnectJS/src/utils/vector.ts": {"path":"/Users/yamaurakazuki/Work/ConnectJS/src/utils/vector.ts","statementMap":{"0":{"start":{"line":7,"column":53},"end":{"line":7,"column":91}},"1":{"start":{"line":7,"column":64},"end":{"line":7,"column":90}},"2":{"start":{"line":7,"column":13},"end":{"line":7,"column":53}},"3":{"start":{"line":8,"column":58},"end":{"line":8,"column":96}},"4":{"start":{"line":8,"column":69},"end":{"line":8,"column":95}},"5":{"start":{"line":8,"column":13},"end":{"line":8,"column":58}},"6":{"start":{"line":9,"column":58},"end":{"line":9,"column":96}},"7":{"start":{"line":9,"column":69},"end":{"line":9,"column":95}},"8":{"start":{"line":9,"column":13},"end":{"line":9,"column":58}},"9":{"start":{"line":10,"column":53},"end":{"line":10,"column":84}},"10":{"start":{"line":10,"column":63},"end":{"line":10,"column":84}},"11":{"start":{"line":10,"column":13},"end":{"line":10,"column":53}},"12":{"start":{"line":11,"column":58},"end":{"line":11,"column":100}},"13":{"start":{"line":11,"column":69},"end":{"line":11,"column":99}},"14":{"start":{"line":11,"column":13},"end":{"line":11,"column":58}},"15":{"start":{"line":12,"column":42},"end":{"line":12,"column":101}},"16":{"start":{"line":12,"column":48},"end":{"line":12,"column":100}},"17":{"start":{"line":12,"column":13},"end":{"line":12,"column":42}},"18":{"start":{"line":13,"column":49},"end":{"line":13,"column":96}},"19":{"start":{"line":13,"column":55},"end":{"line":13,"column":95}},"20":{"start":{"line":13,"column":13},"end":{"line":13,"column":49}},"21":{"start":{"line":14,"column":42},"end":{"line":14,"column":97}},"22":{"start":{"line":14,"column":47},"end":{"line":14,"column":97}},"23":{"start":{"line":14,"column":13},"end":{"line":14,"column":42}}},"fnMap":{"0":{"name":"(anonymous_0)","decl":{"start":{"line":7,"column":53},"end":{"line":7,"column":54}},"loc":{"start":{"line":7,"column":64},"end":{"line":7,"column":90}}},"1":{"name":"(anonymous_1)","decl":{"start":{"line":8,"column":58},"end":{"line":8,"column":59}},"loc":{"start":{"line":8,"column":69},"end":{"line":8,"column":95}}},"2":{"name":"(anonymous_2)","decl":{"start":{"line":9,"column":58},"end":{"line":9,"column":59}},"loc":{"start":{"line":9,"column":69},"end":{"line":9,"column":95}}},"3":{"name":"(anonymous_3)","decl":{"start":{"line":10,"column":53},"end":{"line":10,"column":54}},"loc":{"start":{"line":10,"column":63},"end":{"line":10,"column":84}}},"4":{"name":"(anonymous_4)","decl":{"start":{"line":11,"column":58},"end":{"line":11,"column":59}},"loc":{"start":{"line":11,"column":69},"end":{"line":11,"column":99}}},"5":{"name":"(anonymous_5)","decl":{"start":{"line":12,"column":42},"end":{"line":12,"column":43}},"loc":{"start":{"line":12,"column":48},"end":{"line":12,"column":100}}},"6":{"name":"(anonymous_6)","decl":{"start":{"line":13,"column":49},"end":{"line":13,"column":50}},"loc":{"start":{"line":13,"column":55},"end":{"line":13,"column":95}}},"7":{"name":"(anonymous_7)","decl":{"start":{"line":14,"column":42},"end":{"line":14,"column":43}},"loc":{"start":{"line":14,"column":47},"end":{"line":14,"column":97}}}},"branchMap":{"0":{"loc":{"start":{"line":12,"column":61},"end":{"line":12,"column":64}},"type":"cond-expr","locations":[{"start":{"line":12,"column":61},"end":{"line":12,"column":64}},{"start":{"line":12,"column":67},"end":{"line":12,"column":73}}]},"1":{"loc":{"start":{"line":12,"column":86},"end":{"line":12,"column":89}},"type":"cond-expr","locations":[{"start":{"line":12,"column":86},"end":{"line":12,"column":89}},{"start":{"line":12,"column":92},"end":{"line":12,"column":98}}]},"2":{"loc":{"start":{"line":13,"column":68},"end":{"line":13,"column":69}},"type":"cond-expr","locations":[{"start":{"line":13,"column":68},"end":{"line":13,"column":69}},{"start":{"line":13,"column":72},"end":{"line":13,"column":74}}]},"3":{"loc":{"start":{"line":13,"column":87},"end":{"line":13,"column":88}},"type":"cond-expr","locations":[{"start":{"line":13,"column":87},"end":{"line":13,"column":88}},{"start":{"line":13,"column":91},"end":{"line":13,"column":93}}]}},"s":{"0":2,"1":1,"2":2,"3":2,"4":1,"5":2,"6":2,"7":1,"8":2,"9":2,"10":1,"11":2,"12":2,"13":0,"14":2,"15":2,"16":1,"17":2,"18":2,"19":1,"20":2,"21":2,"22":1,"23":2},"f":{"0":1,"1":1,"2":1,"3":1,"4":0,"5":1,"6":1,"7":1},"b":{"0":[0,1],"1":[1,0],"2":[0,1],"3":[1,0]}}
}
