{"/Users/yamaurakazuki/Work/ConnectJS/src/utils/vector.ts": {"path":"/Users/yamaurakazuki/Work/ConnectJS/src/utils/vector.ts","statementMap":{"0":{"start":{"line":7,"column":53},"end":{"line":7,"column":91}},"1":{"start":{"line":7,"column":64},"end":{"line":7,"column":90}},"2":{"start":{"line":7,"column":13},"end":{"line":7,"column":53}},"3":{"start":{"line":8,"column":58},"end":{"line":8,"column":96}},"4":{"start":{"line":8,"column":69},"end":{"line":8,"column":95}},"5":{"start":{"line":8,"column":13},"end":{"line":8,"column":58}},"6":{"start":{"line":9,"column":58},"end":{"line":9,"column":96}},"7":{"start":{"line":9,"column":69},"end":{"line":9,"column":95}},"8":{"start":{"line":9,"column":13},"end":{"line":9,"column":58}},"9":{"start":{"line":10,"column":53},"end":{"line":10,"column":84}},"10":{"start":{"line":10,"column":63},"end":{"line":10,"column":84}},"11":{"start":{"line":10,"column":13},"end":{"line":10,"column":53}},"12":{"start":{"line":11,"column":58},"end":{"line":11,"column":100}},"13":{"start":{"line":11,"column":69},"end":{"line":11,"column":99}},"14":{"start":{"line":11,"column":13},"end":{"line":11,"column":58}},"15":{"start":{"line":12,"column":42},"end":{"line":12,"column":101}},"16":{"start":{"line":12,"column":48},"end":{"line":12,"column":100}},"17":{"start":{"line":12,"column":13},"end":{"line":12,"column":42}},"18":{"start":{"line":13,"column":49},"end":{"line":13,"column":96}},"19":{"start":{"line":13,"column":55},"end":{"line":13,"column":95}},"20":{"start":{"line":13,"column":13},"end":{"line":13,"column":49}},"21":{"start":{"line":14,"column":42},"end":{"line":14,"column":97}},"22":{"start":{"line":14,"column":47},"end":{"line":14,"column":97}},"23":{"start":{"line":14,"column":13},"end":{"line":14,"column":42}}},"fnMap":{"0":{"name":"(anonymous_0)","decl":{"start":{"line":7,"column":53},"end":{"line":7,"column":54}},"loc":{"start":{"line":7,"column":64},"end":{"line":7,"column":90}}},"1":{"name":"(anonymous_1)","decl":{"start":{"line":8,"column":58},"end":{"line":8,"column":59}},"loc":{"start":{"line":8,"column":69},"end":{"line":8,"column":95}}},"2":{"name":"(anonymous_2)","decl":{"start":{"line":9,"column":58},"end":{"line":9,"column":59}},"loc":{"start":{"line":9,"column":69},"end":{"line":9,"column":95}}},"3":{"name":"(anonymous_3)","decl":{"start":{"line":10,"column":53},"end":{"line":10,"column":54}},"loc":{"start":{"line":10,"column":63},"end":{"line":10,"column":84}}},"4":{"name":"(anonymous_4)","decl":{"start":{"line":11,"column":58},"end":{"line":11,"column":59}},"loc":{"start":{"line":11,"column":69},"end":{"line":11,"column":99}}},"5":{"name":"(anonymous_5)","decl":{"start":{"line":12,"column":42},"end":{"line":12,"column":43}},"loc":{"start":{"line":12,"column":48},"end":{"line":12,"column":100}}},"6":{"name":"(anonymous_6)","decl":{"start":{"line":13,"column":49},"end":{"line":13,"column":50}},"loc":{"start":{"line":13,"column":55},"end":{"line":13,"column":95}}},"7":{"name":"(anonymous_7)","decl":{"start":{"line":14,"column":42},"end":{"line":14,"column":43}},"loc":{"start":{"line":14,"column":47},"end":{"line":14,"column":97}}}},"branchMap":{"0":{"loc":{"start":{"line":12,"column":61},"end":{"line":12,"column":64}},"type":"cond-expr","locations":[{"start":{"line":12,"column":61},"end":{"line":12,"column":64}},{"start":{"line":12,"column":67},"end":{"line":12,"column":73}}]},"1":{"loc":{"start":{"line":12,"column":86},"end":{"line":12,"column":89}},"type":"cond-expr","locations":[{"start":{"line":12,"column":86},"end":{"line":12,"column":89}},{"start":{"line":12,"column":92},"end":{"line":12,"column":98}}]},"2":{"loc":{"start":{"line":13,"column":68},"end":{"line":13,"column":69}},"type":"cond-expr","locations":[{"start":{"line":13,"column":68},"end":{"line":13,"column":69}},{"start":{"line":13,"column":72},"end":{"line":13,"column":74}}]},"3":{"loc":{"start":{"line":13,"column":87},"end":{"line":13,"column":88}},"type":"cond-expr","locations":[{"start":{"line":13,"column":87},"end":{"line":13,"column":88}},{"start":{"line":13,"column":91},"end":{"line":13,"column":93}}]}},"s":{"0":1,"1":1,"2":1,"3":1,"4":1,"5":1,"6":1,"7":1,"8":1,"9":1,"10":1,"11":1,"12":1,"13":0,"14":1,"15":1,"16":1,"17":1,"18":1,"19":1,"20":1,"21":1,"22":1,"23":1},"f":{"0":1,"1":1,"2":1,"3":1,"4":0,"5":1,"6":1,"7":1},"b":{"0":[0,1],"1":[1,0],"2":[0,1],"3":[1,0]}}
}
